  Using 'git status' to determine working set for adaptive non-unity build (C:\Users\ADMIN\Documents\GitHub\theshwetapatil\Stealth-Game-UE4).
  Parsing headers for FPSGameEditor
    Running UnrealHeaderTool "C:\Users\ADMIN\Documents\GitHub\theshwetapatil\Stealth-Game-UE4\Stealth Game\FPSGame.uproject" "C:\Users\ADMIN\Documents\GitHub\theshwetapatil\Stealth-Game-UE4\Stealth Game\Intermediate\Build\Win64\FPSGameEditor\Development\FPSGameEditor.uhtmanifest" -LogCmds="loginit warning, logexit warning, logdatabase error" -Unattended -WarningsAsErrors -installed
  Reflection code generated for FPSGameEditor in 6.9106978 seconds
  Failed to delete file 'C:\Users\ADMIN\Documents\GitHub\theshwetapatil\Stealth-Game-UE4\Stealth Game\Binaries\Win64\UE4Editor-FPSGame.pdb'
      Exception: Access to the path 'C:\Users\ADMIN\Documents\GitHub\theshwetapatil\Stealth-Game-UE4\Stealth Game\Binaries\Win64\UE4Editor-FPSGame.pdb' is denied.
  Attempting to retry...
  Failed to delete file 'C:\Users\ADMIN\Documents\GitHub\theshwetapatil\Stealth-Game-UE4\Stealth Game\Binaries\Win64\UE4Editor-FPSGame.pdb'
      Exception: Access to the path 'C:\Users\ADMIN\Documents\GitHub\theshwetapatil\Stealth-Game-UE4\Stealth Game\Binaries\Win64\UE4Editor-FPSGame.pdb' is denied.
  Attempting to retry...
  Failed to delete file 'C:\Users\ADMIN\Documents\GitHub\theshwetapatil\Stealth-Game-UE4\Stealth Game\Binaries\Win64\UE4Editor-FPSGame.pdb'
      Exception: Access to the path 'C:\Users\ADMIN\Documents\GitHub\theshwetapatil\Stealth-Game-UE4\Stealth Game\Binaries\Win64\UE4Editor-FPSGame.pdb' is denied.
EXEC : error : Exhausted all retries!
  Using Visual Studio 2019 14.24.28314 toolchain (C:\Program Files (x86)\Microsoft Visual Studio\2019\Community\VC\Tools\MSVC\14.24.28314) and Windows 10.0.18362.0 SDK (C:\Program Files (x86)\Windows Kits\10).
  Building 3 actions with 8 processes...
    [1/3] UE4Editor-FPSGame-0002.lib
       Creating library C:\Users\ADMIN\Documents\GitHub\theshwetapatil\Stealth-Game-UE4\Stealth Game\Intermediate\Build\Win64\UE4Editor\Development\FPSGame\UE4Editor-FPSGame-0002.lib and object C:\Users\ADMIN\Documents\GitHub\theshwetapatil\Stealth-Game-UE4\Stealth Game\Intermediate\Build\Win64\UE4Editor\Development\FPSGame\UE4Editor-FPSGame-0002.exp
    [2/3] UE4Editor-FPSGame-0002.dll
       Creating library C:\Users\ADMIN\Documents\GitHub\theshwetapatil\Stealth-Game-UE4\Stealth Game\Intermediate\Build\Win64\UE4Editor\Development\FPSGame\UE4Editor-FPSGame-0002.suppressed.lib and object C:\Users\ADMIN\Documents\GitHub\theshwetapatil\Stealth-Game-UE4\Stealth Game\Intermediate\Build\Win64\UE4Editor\Development\FPSGame\UE4Editor-FPSGame-0002.suppressed.exp
    [3/3] FPSGameEditor.target
  Total time in Parallel executor: 1.10 seconds
  Total execution time: 10.91 seconds
C:\Program Files (x86)\Microsoft Visual Studio\2019\Community\MSBuild\Microsoft\VC\v160\Microsoft.MakeFile.Targets(44,5): error MSB3073: The command ""C:\Program Files\Epic Games\UE_4.23\Engine\Build\BatchFiles\Build.bat" FPSGameEditor Win64 Development -Project="C:\Users\ADMIN\Documents\GitHub\theshwetapatil\Stealth-Game-UE4\Stealth Game\FPSGame.uproject" -WaitMutex -FromMsBuild" exited with code -1.
