Log file open, 09/05/20 18:46:25
LogWindows: Failed to load 'aqProf.dll' (GetLastError=126)
LogWindows: File 'aqProf.dll' does not exist
LogWindows: Failed to load 'VtuneApi.dll' (GetLastError=126)
LogWindows: File 'VtuneApi.dll' does not exist
LogWindows: Failed to load 'VtuneApi32e.dll' (GetLastError=126)
LogWindows: File 'VtuneApi32e.dll' does not exist
LogConsoleResponse: Display: Failed to find resolution value strings in scalability ini. Falling back to default.
LogInit: Display: Running engine for game: FPSGame
LogPlatformFile: Not using cached read wrapper
LogTaskGraph: Started task graph with 5 named threads and 23 total threads with 3 sets of task threads.
LogStats: Stats thread started at 0.122723
LogD3D11RHI: Loaded GFSDK_Aftermath_Lib.x64.dll
LogICUInternationalization: ICU TimeZone Detection - Raw Offset: +5:30, Platform Override: ''
LogPluginManager: Mounting plugin Paper2D
LogPluginManager: Mounting plugin AISupport
LogPluginManager: Mounting plugin LightPropagationVolume
LogPluginManager: Mounting plugin ActorLayerUtilities
LogPluginManager: Mounting plugin AnimationSharing
LogPluginManager: Mounting plugin CLionSourceCodeAccess
LogPluginManager: Mounting plugin CodeLiteSourceCodeAccess
LogPluginManager: Mounting plugin GitSourceControl
LogPluginManager: Mounting plugin KDevelopSourceCodeAccess
LogPluginManager: Mounting plugin NullSourceCodeAccess
LogPluginManager: Mounting plugin PerforceSourceControl
LogPluginManager: Mounting plugin SubversionSourceControl
LogPluginManager: Mounting plugin UObjectPlugin
LogPluginManager: Mounting plugin VisualStudioCodeSourceCodeAccess
LogPluginManager: Mounting plugin VisualStudioSourceCodeAccess
LogPluginManager: Mounting plugin XCodeSourceCodeAccess
LogPluginManager: Mounting plugin AssetManagerEditor
LogPluginManager: Mounting plugin CryptoKeys
LogPluginManager: Mounting plugin CurveEditorTools
LogPluginManager: Mounting plugin DataValidation
LogPluginManager: Mounting plugin FacialAnimation
LogPluginManager: Mounting plugin GameplayTagsEditor
LogPluginManager: Mounting plugin MacGraphicsSwitching
LogPluginManager: Mounting plugin MaterialAnalyzer
LogPluginManager: Mounting plugin MobileLauncherProfileWizard
LogPluginManager: Mounting plugin PluginBrowser
LogPluginManager: Mounting plugin SpeedTreeImporter
LogPluginManager: Mounting plugin DatasmithContent
LogPluginManager: Mounting plugin VariantManagerContent
LogPluginManager: Mounting plugin AlembicImporter
LogPluginManager: Mounting plugin AutomationUtils
LogPluginManager: Mounting plugin BackChannel
LogPluginManager: Mounting plugin CharacterAI
LogPluginManager: Mounting plugin GeometryCache
LogPluginManager: Mounting plugin HTML5Networking
LogPluginManager: Mounting plugin PlatformCrypto
LogPluginManager: Mounting plugin ProxyLODPlugin
LogPluginManager: Mounting plugin SkeletalReduction
LogPluginManager: Mounting plugin MagicLeap
LogPluginManager: Mounting plugin MagicLeapMedia
LogPluginManager: Mounting plugin AndroidMedia
LogPluginManager: Mounting plugin AvfMedia
LogPluginManager: Mounting plugin ImgMedia
LogPluginManager: Mounting plugin MediaCompositing
LogPluginManager: Mounting plugin MediaPlayerEditor
LogPluginManager: Mounting plugin WebMMedia
LogPluginManager: Mounting plugin WmfMedia
LogPluginManager: Mounting plugin TcpMessaging
LogPluginManager: Mounting plugin UdpMessaging
LogPluginManager: Mounting plugin ActorSequence
LogPluginManager: Mounting plugin LevelSequenceEditor
LogPluginManager: Mounting plugin MatineeToLevelSequence
LogPluginManager: Mounting plugin NetcodeUnitTest
LogPluginManager: Mounting plugin NUTUnrealEngine4
LogPluginManager: Mounting plugin OnlineSubsystemGooglePlay
LogPluginManager: Mounting plugin OnlineSubsystemIOS
LogPluginManager: Mounting plugin OnlineSubsystem
LogPluginManager: Mounting plugin OnlineSubsystemNull
LogPluginManager: Mounting plugin OnlineSubsystemUtils
LogPluginManager: Mounting plugin LauncherChunkInstaller
LogPluginManager: Mounting plugin AndroidDeviceProfileSelector
LogPluginManager: Mounting plugin AndroidMoviePlayer
LogPluginManager: Mounting plugin AndroidPermission
LogPluginManager: Mounting plugin AppleImageUtils
LogPluginManager: Mounting plugin AppleMoviePlayer
LogPluginManager: Mounting plugin ArchVisCharacter
LogPluginManager: Mounting plugin AudioCapture
LogPluginManager: Mounting plugin CableComponent
LogPluginManager: Mounting plugin CustomMeshComponent
LogPluginManager: Mounting plugin EditableMesh
LogPluginManager: Mounting plugin ExampleDeviceProfileSelector
LogPluginManager: Mounting plugin GoogleCloudMessaging
LogPluginManager: Mounting plugin IOSDeviceProfileSelector
LogPluginManager: Mounting plugin LinuxDeviceProfileSelector
LogPluginManager: Mounting plugin LocationServicesBPLibrary
LogPluginManager: Mounting plugin MobilePatchingUtils
LogPluginManager: Mounting plugin OculusVR
LogPluginManager: Mounting plugin PhysXVehicles
LogPluginManager: Mounting plugin ProceduralMeshComponent
LogPluginManager: Mounting plugin RuntimePhysXCooking
LogPluginManager: Mounting plugin SignificanceManager
LogPluginManager: Mounting plugin SteamVR
LogPluginManager: Mounting plugin WebMMoviePlayer
LogPluginManager: Mounting plugin WindowsMoviePlayer
LogPluginManager: Mounting plugin ScreenshotTools
LogInit: Using libcurl 7.55.1-DEV
LogInit:  - built for x86_64-pc-win32
LogInit:  - supports SSL with OpenSSL/1.1.1
LogInit:  - supports HTTP deflate (compression) using libz 1.2.8
LogInit:  - other features:
LogInit:      CURL_VERSION_SSL
LogInit:      CURL_VERSION_LIBZ
LogInit:      CURL_VERSION_IPV6
LogInit:      CURL_VERSION_ASYNCHDNS
LogInit:      CURL_VERSION_LARGEFILE
LogInit:      CURL_VERSION_IDN
LogInit:  CurlRequestOptions (configurable via config and command line):
LogInit:  - bVerifyPeer = true  - Libcurl will verify peer certificate
LogInit:  - bUseHttpProxy = false  - Libcurl will NOT use HTTP proxy
LogInit:  - bDontReuseConnections = false  - Libcurl will reuse connections
LogInit:  - MaxHostConnections = 16  - Libcurl will limit the number of connections to a host
LogInit:  - LocalHostAddr = Default
LogInit:  - BufferSize = 65536
LogOnline: OSS: Creating online subsystem instance for: NULL
LogInit: WinSock: version 1.1 (2.2), MaxSocks=32767, MaxUdp=65467
LogInit: Build: ++UE4+Release-4.23-CL-9631420
LogInit: Engine Version: 4.23.1-9631420+++UE4+Release-4.23
LogInit: Compatible Engine Version: 4.23.0-8386587+++UE4+Release-4.23
LogInit: Net CL: 8386587
LogInit: OS: Windows 10 (Release 1903) (), CPU: AMD Ryzen 5 2400G with Radeon Vega Graphics    , GPU: NVIDIA GeForce GTX 1050 Ti
LogInit: Compiled (64-bit): Oct 18 2019 02:07:44
LogInit: Compiled with Visual C++: 19.16.27030.01
LogInit: Build Configuration: Development
LogInit: Branch Name: ++UE4+Release-4.23
LogInit: Command Line: 
LogInit: Base Directory: C:/Program Files/Epic Games/UE_4.23/Engine/Binaries/Win64/
LogInit: Installed Engine Build: 1
LogDevObjectVersion: Number of dev versions registered: 23
LogDevObjectVersion:   Dev-Blueprints (B0D832E4-1F89-4F0D-ACCF-7EB736FD4AA2): 10
LogDevObjectVersion:   Dev-Build (E1C64328-A22C-4D53-A36C-8E866417BD8C): 0
LogDevObjectVersion:   Dev-Core (375EC13C-06E4-48FB-B500-84F0262A717E): 3
LogDevObjectVersion:   Dev-Editor (E4B068ED-F494-42E9-A231-DA0B2E46BB41): 34
LogDevObjectVersion:   Dev-Framework (CFFC743F-43B0-4480-9391-14DF171D2073): 35
LogDevObjectVersion:   Dev-Mobile (B02B49B5-BB20-44E9-A304-32B752E40360): 2
LogDevObjectVersion:   Dev-Networking (A4E4105C-59A1-49B5-A7C5-40C4547EDFEE): 0
LogDevObjectVersion:   Dev-Online (39C831C9-5AE6-47DC-9A44-9C173E1C8E7C): 0
LogDevObjectVersion:   Dev-Physics (78F01B33-EBEA-4F98-B9B4-84EACCB95AA2): 0
LogDevObjectVersion:   Dev-Platform (6631380F-2D4D-43E0-8009-CF276956A95A): 0
LogDevObjectVersion:   Dev-Rendering (12F88B9F-8875-4AFC-A67C-D90C383ABD29): 31
LogDevObjectVersion:   Dev-Sequencer (7B5AE74C-D270-4C10-A958-57980B212A5A): 11
LogDevObjectVersion:   Dev-VR (D7296918-1DD6-4BDD-9DE2-64A83CC13884): 2
LogDevObjectVersion:   Dev-LoadTimes (C2A15278-BFE7-4AFE-6C17-90FF531DF755): 1
LogDevObjectVersion:   Private-Geometry (6EACA3D4-40EC-4CC1-B786-8BED09428FC5): 3
LogDevObjectVersion:   Dev-AnimPhys (29E575DD-E0A3-4627-9D10-D276232CDCEA): 17
LogDevObjectVersion:   Dev-Anim (AF43A65D-7FD3-4947-9873-3E8ED9C1BB05): 2
LogDevObjectVersion:   Dev-ReflectionCapture (6B266CEC-1EC7-4B8F-A30B-E4D90942FC07): 1
LogDevObjectVersion:   Dev-Automation (0DF73D61-A23F-47EA-B727-89E90C41499A): 1
LogDevObjectVersion:   FortniteMain (601D1886-AC64-4F84-AA16-D3DE0DEAC7D6): 27
LogDevObjectVersion:   Dev-Enterprise (9DFFBCD6-494F-0158-E221-12823C92A888): 6
LogDevObjectVersion:   Dev-Niagara (F2AED0AC-9AFE-416F-8664-AA7FFA26D6FC): 1
LogDevObjectVersion:   Dev-Destruction (174F1F0B-B4C6-45A5-B13F-2EE8D0FB917D): 9
LogInit: Presizing for max 16777216 objects, including 0 objects not considered by GC, pre-allocating 0 bytes for permanent pool.
LogInit: Object subsystem initialized
LogConfig: Setting CVar [[con.DebugEarlyDefault:1]]
LogConfig: Setting CVar [[r.setres:1280x720]]
[2020.09.05-13.16.25:550][  0]LogConfig: Setting CVar [[r.VSync:0]]
[2020.09.05-13.16.25:550][  0]LogConfig: Setting CVar [[r.RHICmdBypass:0]]
[2020.09.05-13.16.25:550][  0]LogConfig: Applying CVar settings from Section [/Script/Engine.RendererSettings] File [C:/Users/ADMIN/Documents/GitHub/theshwetapatil/Stealth-Game-UE4/Stealth Game/Saved/Config/Windows/Engine.ini]
[2020.09.05-13.16.25:550][  0]LogConfig: Setting CVar [[r.GPUCrashDebugging:0]]
[2020.09.05-13.16.25:550][  0]LogConfig: Applying CVar settings from Section [/Script/Engine.RendererOverrideSettings] File [C:/Users/ADMIN/Documents/GitHub/theshwetapatil/Stealth-Game-UE4/Stealth Game/Saved/Config/Windows/Engine.ini]
[2020.09.05-13.16.25:550][  0]LogConfig: Applying CVar settings from Section [/Script/Engine.StreamingSettings] File [C:/Users/ADMIN/Documents/GitHub/theshwetapatil/Stealth-Game-UE4/Stealth Game/Saved/Config/Windows/Engine.ini]
[2020.09.05-13.16.25:550][  0]LogConfig: Setting CVar [[s.MinBulkDataSizeForAsyncLoading:131072]]
[2020.09.05-13.16.25:550][  0]LogConfig: Setting CVar [[s.AsyncLoadingThreadEnabled:0]]
[2020.09.05-13.16.25:550][  0]LogConfig: Setting CVar [[s.EventDrivenLoaderEnabled:1]]
[2020.09.05-13.16.25:550][  0]LogConfig: Setting CVar [[s.WarnIfTimeLimitExceeded:0]]
[2020.09.05-13.16.25:550][  0]LogConfig: Setting CVar [[s.TimeLimitExceededMultiplier:1.5]]
[2020.09.05-13.16.25:550][  0]LogConfig: Setting CVar [[s.TimeLimitExceededMinTime:0.005]]
[2020.09.05-13.16.25:550][  0]LogConfig: Setting CVar [[s.UseBackgroundLevelStreaming:1]]
[2020.09.05-13.16.25:550][  0]LogConfig: Setting CVar [[s.PriorityAsyncLoadingExtraTime:15.0]]
[2020.09.05-13.16.25:550][  0]LogConfig: Setting CVar [[s.LevelStreamingActorsUpdateTimeLimit:5.0]]
[2020.09.05-13.16.25:550][  0]LogConfig: Setting CVar [[s.PriorityLevelStreamingActorsUpdateExtraTime:5.0]]
[2020.09.05-13.16.25:550][  0]LogConfig: Setting CVar [[s.LevelStreamingComponentsRegistrationGranularity:10]]
[2020.09.05-13.16.25:550][  0]LogConfig: Setting CVar [[s.UnregisterComponentsTimeLimit:1.0]]
[2020.09.05-13.16.25:550][  0]LogConfig: Setting CVar [[s.LevelStreamingComponentsUnregistrationGranularity:5]]
[2020.09.05-13.16.25:550][  0]LogConfig: Applying CVar settings from Section [/Script/Engine.GarbageCollectionSettings] File [C:/Users/ADMIN/Documents/GitHub/theshwetapatil/Stealth-Game-UE4/Stealth Game/Saved/Config/Windows/Engine.ini]
[2020.09.05-13.16.25:550][  0]LogConfig: Setting CVar [[gc.MaxObjectsNotConsideredByGC:1]]
[2020.09.05-13.16.25:550][  0]LogConfig: Setting CVar [[gc.SizeOfPermanentObjectPool:0]]
[2020.09.05-13.16.25:550][  0]LogConfig: Setting CVar [[gc.FlushStreamingOnGC:0]]
[2020.09.05-13.16.25:550][  0]LogConfig: Setting CVar [[gc.NumRetriesBeforeForcingGC:10]]
[2020.09.05-13.16.25:551][  0]LogConfig: Setting CVar [[gc.AllowParallelGC:1]]
[2020.09.05-13.16.25:551][  0]LogConfig: Setting CVar [[gc.TimeBetweenPurgingPendingKillObjects:61.1]]
[2020.09.05-13.16.25:551][  0]LogConfig: Setting CVar [[gc.MaxObjectsInEditor:16777216]]
[2020.09.05-13.16.25:551][  0]LogConfig: Setting CVar [[gc.IncrementalBeginDestroyEnabled:1]]
[2020.09.05-13.16.25:551][  0]LogConfig: Setting CVar [[gc.CreateGCClusters:1]]
[2020.09.05-13.16.25:551][  0]LogConfig: Setting CVar [[gc.MinGCClusterSize:5]]
[2020.09.05-13.16.25:551][  0]LogConfig: Setting CVar [[gc.ActorClusteringEnabled:0]]
[2020.09.05-13.16.25:551][  0]LogConfig: Setting CVar [[gc.BlueprintClusteringEnabled:0]]
[2020.09.05-13.16.25:551][  0]LogConfig: Setting CVar [[gc.UseDisregardForGCOnDedicatedServers:0]]
[2020.09.05-13.16.25:551][  0]LogConfig: Applying CVar settings from Section [/Script/Engine.NetworkSettings] File [C:/Users/ADMIN/Documents/GitHub/theshwetapatil/Stealth-Game-UE4/Stealth Game/Saved/Config/Windows/Engine.ini]
[2020.09.05-13.16.25:551][  0]LogConfig: Applying CVar settings from Section [/Script/UnrealEd.CookerSettings] File [C:/Users/ADMIN/Documents/GitHub/theshwetapatil/Stealth-Game-UE4/Stealth Game/Saved/Config/Windows/Engine.ini]
[2020.09.05-13.16.25:555][  0]LogConfig: Applying CVar settings from Section [ViewDistanceQuality@3] File [C:/Users/ADMIN/Documents/GitHub/theshwetapatil/Stealth-Game-UE4/Stealth Game/Saved/Config/Windows/Scalability.ini]
[2020.09.05-13.16.25:555][  0]LogConfig: Setting CVar [[r.SkeletalMeshLODBias:0]]
[2020.09.05-13.16.25:555][  0]LogConfig: Setting CVar [[r.ViewDistanceScale:1.0]]
[2020.09.05-13.16.25:555][  0]LogConfig: Applying CVar settings from Section [AntiAliasingQuality@3] File [C:/Users/ADMIN/Documents/GitHub/theshwetapatil/Stealth-Game-UE4/Stealth Game/Saved/Config/Windows/Scalability.ini]
[2020.09.05-13.16.25:555][  0]LogConfig: Setting CVar [[r.PostProcessAAQuality:4]]
[2020.09.05-13.16.25:555][  0]LogConfig: Applying CVar settings from Section [ShadowQuality@3] File [C:/Users/ADMIN/Documents/GitHub/theshwetapatil/Stealth-Game-UE4/Stealth Game/Saved/Config/Windows/Scalability.ini]
[2020.09.05-13.16.25:555][  0]LogConfig: Setting CVar [[r.LightFunctionQuality:1]]
[2020.09.05-13.16.25:555][  0]LogConfig: Setting CVar [[r.ShadowQuality:5]]
[2020.09.05-13.16.25:555][  0]LogConfig: Setting CVar [[r.Shadow.CSM.MaxCascades:10]]
[2020.09.05-13.16.25:555][  0]LogConfig: Setting CVar [[r.Shadow.MaxResolution:2048]]
[2020.09.05-13.16.25:555][  0]LogConfig: Setting CVar [[r.Shadow.MaxCSMResolution:2048]]
[2020.09.05-13.16.25:555][  0]LogConfig: Setting CVar [[r.Shadow.RadiusThreshold:0.01]]
[2020.09.05-13.16.25:555][  0]LogConfig: Setting CVar [[r.Shadow.DistanceScale:1.0]]
[2020.09.05-13.16.25:555][  0]LogConfig: Setting CVar [[r.Shadow.CSM.TransitionScale:1.0]]
[2020.09.05-13.16.25:555][  0]LogConfig: Setting CVar [[r.Shadow.PreShadowResolutionFactor:1.0]]
[2020.09.05-13.16.25:555][  0]LogConfig: Setting CVar [[r.DistanceFieldShadowing:1]]
[2020.09.05-13.16.25:555][  0]LogConfig: Setting CVar [[r.DistanceFieldAO:1]]
[2020.09.05-13.16.25:555][  0]LogConfig: Setting CVar [[r.AOQuality:2]]
[2020.09.05-13.16.25:555][  0]LogConfig: Setting CVar [[r.VolumetricFog:1]]
[2020.09.05-13.16.25:555][  0]LogConfig: Setting CVar [[r.VolumetricFog.GridPixelSize:8]]
[2020.09.05-13.16.25:555][  0]LogConfig: Setting CVar [[r.VolumetricFog.GridSizeZ:128]]
[2020.09.05-13.16.25:555][  0]LogConfig: Setting CVar [[r.VolumetricFog.HistoryMissSupersampleCount:4]]
[2020.09.05-13.16.25:555][  0]LogConfig: Setting CVar [[r.LightMaxDrawDistanceScale:1]]
[2020.09.05-13.16.25:555][  0]LogConfig: Setting CVar [[r.CapsuleShadows:1]]
[2020.09.05-13.16.25:556][  0]LogConfig: Applying CVar settings from Section [PostProcessQuality@3] File [C:/Users/ADMIN/Documents/GitHub/theshwetapatil/Stealth-Game-UE4/Stealth Game/Saved/Config/Windows/Scalability.ini]
[2020.09.05-13.16.25:556][  0]LogConfig: Setting CVar [[r.MotionBlurQuality:4]]
[2020.09.05-13.16.25:556][  0]LogConfig: Setting CVar [[r.AmbientOcclusionMipLevelFactor:0.4]]
[2020.09.05-13.16.25:556][  0]LogConfig: Setting CVar [[r.AmbientOcclusionMaxQuality:100]]
[2020.09.05-13.16.25:556][  0]LogConfig: Setting CVar [[r.AmbientOcclusionLevels:-1]]
[2020.09.05-13.16.25:556][  0]LogConfig: Setting CVar [[r.AmbientOcclusionRadiusScale:1.0]]
[2020.09.05-13.16.25:556][  0]LogConfig: Setting CVar [[r.DepthOfFieldQuality:2]]
[2020.09.05-13.16.25:556][  0]LogConfig: Setting CVar [[r.RenderTargetPoolMin:400]]
[2020.09.05-13.16.25:556][  0]LogConfig: Setting CVar [[r.LensFlareQuality:2]]
[2020.09.05-13.16.25:556][  0]LogConfig: Setting CVar [[r.SceneColorFringeQuality:1]]
[2020.09.05-13.16.25:556][  0]LogConfig: Setting CVar [[r.EyeAdaptationQuality:2]]
[2020.09.05-13.16.25:556][  0]LogConfig: Setting CVar [[r.BloomQuality:5]]
[2020.09.05-13.16.25:556][  0]LogConfig: Setting CVar [[r.FastBlurThreshold:100]]
[2020.09.05-13.16.25:556][  0]LogConfig: Setting CVar [[r.Upscale.Quality:3]]
[2020.09.05-13.16.25:556][  0]LogConfig: Setting CVar [[r.Tonemapper.GrainQuantization:1]]
[2020.09.05-13.16.25:556][  0]LogConfig: Setting CVar [[r.LightShaftQuality:1]]
[2020.09.05-13.16.25:556][  0]LogConfig: Setting CVar [[r.Filter.SizeScale:1]]
[2020.09.05-13.16.25:556][  0]LogConfig: Setting CVar [[r.Tonemapper.Quality:5]]
[2020.09.05-13.16.25:556][  0]LogConfig: Setting CVar [[r.DOF.Gather.AccumulatorQuality:1        ; higher gathering accumulator quality]]
[2020.09.05-13.16.25:556][  0]LogConfig: Setting CVar [[r.DOF.Gather.PostfilterMethod:1          ; Median3x3 postfilering method]]
[2020.09.05-13.16.25:556][  0]LogConfig: Setting CVar [[r.DOF.Gather.EnableBokehSettings:0       ; no bokeh simulation when gathering]]
[2020.09.05-13.16.25:556][  0]LogConfig: Setting CVar [[r.DOF.Gather.RingCount:4                 ; medium number of samples when gathering]]
[2020.09.05-13.16.25:556][  0]LogConfig: Setting CVar [[r.DOF.Scatter.ForegroundCompositing:1    ; additive foreground scattering]]
[2020.09.05-13.16.25:556][  0]LogConfig: Setting CVar [[r.DOF.Scatter.BackgroundCompositing:2    ; additive background scattering]]
[2020.09.05-13.16.25:556][  0]LogConfig: Setting CVar [[r.DOF.Scatter.EnableBokehSettings:1      ; bokeh simulation when scattering]]
[2020.09.05-13.16.25:556][  0]LogConfig: Setting CVar [[r.DOF.Scatter.MaxSpriteRatio:0.1         ; only a maximum of 10% of scattered bokeh]]
[2020.09.05-13.16.25:556][  0]LogConfig: Setting CVar [[r.DOF.Recombine.Quality:1                ; cheap slight out of focus]]
[2020.09.05-13.16.25:556][  0]LogConfig: Setting CVar [[r.DOF.Recombine.EnableBokehSettings:0    ; no bokeh simulation on slight out of focus]]
[2020.09.05-13.16.25:556][  0]LogConfig: Setting CVar [[r.DOF.TemporalAAQuality:1                ; more stable temporal accumulation]]
[2020.09.05-13.16.25:556][  0]LogConfig: Setting CVar [[r.DOF.Kernel.MaxForegroundRadius:0.025]]
[2020.09.05-13.16.25:556][  0]LogConfig: Setting CVar [[r.DOF.Kernel.MaxBackgroundRadius:0.025]]
[2020.09.05-13.16.25:556][  0]LogConfig: Applying CVar settings from Section [TextureQuality@3] File [C:/Users/ADMIN/Documents/GitHub/theshwetapatil/Stealth-Game-UE4/Stealth Game/Saved/Config/Windows/Scalability.ini]
[2020.09.05-13.16.25:556][  0]LogConfig: Setting CVar [[r.Streaming.MipBias:0]]
[2020.09.05-13.16.25:556][  0]LogConfig: Setting CVar [[r.Streaming.AmortizeCPUToGPUCopy:0]]
[2020.09.05-13.16.25:556][  0]LogConfig: Setting CVar [[r.Streaming.MaxNumTexturesToStreamPerFrame:0]]
[2020.09.05-13.16.25:556][  0]LogConfig: Setting CVar [[r.Streaming.Boost:1]]
[2020.09.05-13.16.25:556][  0]LogConfig: Setting CVar [[r.MaxAnisotropy:8]]
[2020.09.05-13.16.25:556][  0]LogConfig: Setting CVar [[r.Streaming.LimitPoolSizeToVRAM:0]]
[2020.09.05-13.16.25:556][  0]LogConfig: Setting CVar [[r.Streaming.PoolSize:1000]]
[2020.09.05-13.16.25:556][  0]LogConfig: Setting CVar [[r.Streaming.MaxEffectiveScreenSize:0]]
[2020.09.05-13.16.25:556][  0]LogConfig: Applying CVar settings from Section [EffectsQuality@3] File [C:/Users/ADMIN/Documents/GitHub/theshwetapatil/Stealth-Game-UE4/Stealth Game/Saved/Config/Windows/Scalability.ini]
[2020.09.05-13.16.25:556][  0]LogConfig: Setting CVar [[r.TranslucencyLightingVolumeDim:64]]
[2020.09.05-13.16.25:556][  0]LogConfig: Setting CVar [[r.RefractionQuality:2]]
[2020.09.05-13.16.25:556][  0]LogConfig: Setting CVar [[r.SSR.Quality:3]]
[2020.09.05-13.16.25:556][  0]LogConfig: Setting CVar [[r.SceneColorFormat:4]]
[2020.09.05-13.16.25:556][  0]LogConfig: Setting CVar [[r.DetailMode:2]]
[2020.09.05-13.16.25:556][  0]LogConfig: Setting CVar [[r.TranslucencyVolumeBlur:1]]
[2020.09.05-13.16.25:556][  0]LogConfig: Setting CVar [[r.MaterialQualityLevel:1 ; High quality]]
[2020.09.05-13.16.25:556][  0]LogConfig: Setting CVar [[r.SSS.Scale:1]]
[2020.09.05-13.16.25:556][  0]LogConfig: Setting CVar [[r.SSS.SampleSet:2]]
[2020.09.05-13.16.25:556][  0]LogConfig: Setting CVar [[r.SSS.Quality:1]]
[2020.09.05-13.16.25:556][  0]LogConfig: Setting CVar [[r.SSS.HalfRes:1]]
[2020.09.05-13.16.25:556][  0]LogConfig: Setting CVar [[r.EmitterSpawnRateScale:1.0]]
[2020.09.05-13.16.25:556][  0]LogConfig: Setting CVar [[r.ParticleLightQuality:2]]
[2020.09.05-13.16.25:556][  0]LogConfig: Applying CVar settings from Section [FoliageQuality@3] File [C:/Users/ADMIN/Documents/GitHub/theshwetapatil/Stealth-Game-UE4/Stealth Game/Saved/Config/Windows/Scalability.ini]
[2020.09.05-13.16.25:557][  0]LogConfig: Setting CVar [[foliage.DensityScale:1.0]]
[2020.09.05-13.16.25:557][  0]LogConfig: Setting CVar [[grass.DensityScale:1.0]]
[2020.09.05-13.16.25:557][  0]LogInit: Selected Device Profile: [Windows]
[2020.09.05-13.16.25:557][  0]LogInit: Applying CVar settings loaded from the selected device profile: [Windows]
[2020.09.05-13.16.25:561][  0]LogHAL: Display: Platform has ~ 16 GB [17125855232 / 17179869184 / 16], which maps to Larger [LargestMinGB=32, LargerMinGB=12, DefaultMinGB=8, SmallerMinGB=6, SmallestMinGB=0)
[2020.09.05-13.16.25:561][  0]LogInit: Going up to parent DeviceProfile []
[2020.09.05-13.16.25:561][  0]LogConfig: Applying CVar settings from Section [ViewDistanceQuality@3] File [C:/Users/ADMIN/Documents/GitHub/theshwetapatil/Stealth-Game-UE4/Stealth Game/Saved/Config/Windows/Scalability.ini]
[2020.09.05-13.16.25:561][  0]LogConfig: Setting CVar [[r.SkeletalMeshLODBias:0]]
[2020.09.05-13.16.25:562][  0]LogConfig: Setting CVar [[r.ViewDistanceScale:1.0]]
[2020.09.05-13.16.25:562][  0]LogConfig: Applying CVar settings from Section [AntiAliasingQuality@3] File [C:/Users/ADMIN/Documents/GitHub/theshwetapatil/Stealth-Game-UE4/Stealth Game/Saved/Config/Windows/Scalability.ini]
[2020.09.05-13.16.25:562][  0]LogConfig: Setting CVar [[r.PostProcessAAQuality:4]]
[2020.09.05-13.16.25:562][  0]LogConfig: Applying CVar settings from Section [ShadowQuality@3] File [C:/Users/ADMIN/Documents/GitHub/theshwetapatil/Stealth-Game-UE4/Stealth Game/Saved/Config/Windows/Scalability.ini]
[2020.09.05-13.16.25:562][  0]LogConfig: Setting CVar [[r.LightFunctionQuality:1]]
[2020.09.05-13.16.25:562][  0]LogConfig: Setting CVar [[r.ShadowQuality:5]]
[2020.09.05-13.16.25:562][  0]LogConfig: Setting CVar [[r.Shadow.CSM.MaxCascades:10]]
[2020.09.05-13.16.25:562][  0]LogConfig: Setting CVar [[r.Shadow.MaxResolution:2048]]
[2020.09.05-13.16.25:562][  0]LogConfig: Setting CVar [[r.Shadow.MaxCSMResolution:2048]]
[2020.09.05-13.16.25:562][  0]LogConfig: Setting CVar [[r.Shadow.RadiusThreshold:0.01]]
[2020.09.05-13.16.25:562][  0]LogConfig: Setting CVar [[r.Shadow.DistanceScale:1.0]]
[2020.09.05-13.16.25:562][  0]LogConfig: Setting CVar [[r.Shadow.CSM.TransitionScale:1.0]]
[2020.09.05-13.16.25:562][  0]LogConfig: Setting CVar [[r.Shadow.PreShadowResolutionFactor:1.0]]
[2020.09.05-13.16.25:562][  0]LogConfig: Setting CVar [[r.DistanceFieldShadowing:1]]
[2020.09.05-13.16.25:562][  0]LogConfig: Setting CVar [[r.DistanceFieldAO:1]]
[2020.09.05-13.16.25:562][  0]LogConfig: Setting CVar [[r.AOQuality:2]]
[2020.09.05-13.16.25:562][  0]LogConfig: Setting CVar [[r.VolumetricFog:1]]
[2020.09.05-13.16.25:562][  0]LogConfig: Setting CVar [[r.VolumetricFog.GridPixelSize:8]]
[2020.09.05-13.16.25:562][  0]LogConfig: Setting CVar [[r.VolumetricFog.GridSizeZ:128]]
[2020.09.05-13.16.25:562][  0]LogConfig: Setting CVar [[r.VolumetricFog.HistoryMissSupersampleCount:4]]
[2020.09.05-13.16.25:562][  0]LogConfig: Setting CVar [[r.LightMaxDrawDistanceScale:1]]
[2020.09.05-13.16.25:562][  0]LogConfig: Setting CVar [[r.CapsuleShadows:1]]
[2020.09.05-13.16.25:562][  0]LogConfig: Applying CVar settings from Section [PostProcessQuality@3] File [C:/Users/ADMIN/Documents/GitHub/theshwetapatil/Stealth-Game-UE4/Stealth Game/Saved/Config/Windows/Scalability.ini]
[2020.09.05-13.16.25:562][  0]LogConfig: Setting CVar [[r.MotionBlurQuality:4]]
[2020.09.05-13.16.25:562][  0]LogConfig: Setting CVar [[r.AmbientOcclusionMipLevelFactor:0.4]]
[2020.09.05-13.16.25:562][  0]LogConfig: Setting CVar [[r.AmbientOcclusionMaxQuality:100]]
[2020.09.05-13.16.25:562][  0]LogConfig: Setting CVar [[r.AmbientOcclusionLevels:-1]]
[2020.09.05-13.16.25:562][  0]LogConfig: Setting CVar [[r.AmbientOcclusionRadiusScale:1.0]]
[2020.09.05-13.16.25:562][  0]LogConfig: Setting CVar [[r.DepthOfFieldQuality:2]]
[2020.09.05-13.16.25:562][  0]LogConfig: Setting CVar [[r.RenderTargetPoolMin:400]]
[2020.09.05-13.16.25:562][  0]LogConfig: Setting CVar [[r.LensFlareQuality:2]]
[2020.09.05-13.16.25:562][  0]LogConfig: Setting CVar [[r.SceneColorFringeQuality:1]]
[2020.09.05-13.16.25:562][  0]LogConfig: Setting CVar [[r.EyeAdaptationQuality:2]]
[2020.09.05-13.16.25:562][  0]LogConfig: Setting CVar [[r.BloomQuality:5]]
[2020.09.05-13.16.25:562][  0]LogConfig: Setting CVar [[r.FastBlurThreshold:100]]
[2020.09.05-13.16.25:562][  0]LogConfig: Setting CVar [[r.Upscale.Quality:3]]
[2020.09.05-13.16.25:562][  0]LogConfig: Setting CVar [[r.Tonemapper.GrainQuantization:1]]
[2020.09.05-13.16.25:562][  0]LogConfig: Setting CVar [[r.LightShaftQuality:1]]
[2020.09.05-13.16.25:562][  0]LogConfig: Setting CVar [[r.Filter.SizeScale:1]]
[2020.09.05-13.16.25:562][  0]LogConfig: Setting CVar [[r.Tonemapper.Quality:5]]
[2020.09.05-13.16.25:562][  0]LogConfig: Setting CVar [[r.DOF.Gather.AccumulatorQuality:1        ; higher gathering accumulator quality]]
[2020.09.05-13.16.25:562][  0]LogConfig: Setting CVar [[r.DOF.Gather.PostfilterMethod:1          ; Median3x3 postfilering method]]
[2020.09.05-13.16.25:562][  0]LogConfig: Setting CVar [[r.DOF.Gather.EnableBokehSettings:0       ; no bokeh simulation when gathering]]
[2020.09.05-13.16.25:562][  0]LogConfig: Setting CVar [[r.DOF.Gather.RingCount:4                 ; medium number of samples when gathering]]
[2020.09.05-13.16.25:562][  0]LogConfig: Setting CVar [[r.DOF.Scatter.ForegroundCompositing:1    ; additive foreground scattering]]
[2020.09.05-13.16.25:562][  0]LogConfig: Setting CVar [[r.DOF.Scatter.BackgroundCompositing:2    ; additive background scattering]]
[2020.09.05-13.16.25:562][  0]LogConfig: Setting CVar [[r.DOF.Scatter.EnableBokehSettings:1      ; bokeh simulation when scattering]]
[2020.09.05-13.16.25:562][  0]LogConfig: Setting CVar [[r.DOF.Scatter.MaxSpriteRatio:0.1         ; only a maximum of 10% of scattered bokeh]]
[2020.09.05-13.16.25:562][  0]LogConfig: Setting CVar [[r.DOF.Recombine.Quality:1                ; cheap slight out of focus]]
[2020.09.05-13.16.25:562][  0]LogConfig: Setting CVar [[r.DOF.Recombine.EnableBokehSettings:0    ; no bokeh simulation on slight out of focus]]
[2020.09.05-13.16.25:563][  0]LogConfig: Setting CVar [[r.DOF.TemporalAAQuality:1                ; more stable temporal accumulation]]
[2020.09.05-13.16.25:563][  0]LogConfig: Setting CVar [[r.DOF.Kernel.MaxForegroundRadius:0.025]]
[2020.09.05-13.16.25:563][  0]LogConfig: Setting CVar [[r.DOF.Kernel.MaxBackgroundRadius:0.025]]
[2020.09.05-13.16.25:563][  0]LogConfig: Applying CVar settings from Section [TextureQuality@3] File [C:/Users/ADMIN/Documents/GitHub/theshwetapatil/Stealth-Game-UE4/Stealth Game/Saved/Config/Windows/Scalability.ini]
[2020.09.05-13.16.25:563][  0]LogConfig: Setting CVar [[r.Streaming.MipBias:0]]
[2020.09.05-13.16.25:563][  0]LogConfig: Setting CVar [[r.Streaming.AmortizeCPUToGPUCopy:0]]
[2020.09.05-13.16.25:563][  0]LogConfig: Setting CVar [[r.Streaming.MaxNumTexturesToStreamPerFrame:0]]
[2020.09.05-13.16.25:563][  0]LogConfig: Setting CVar [[r.Streaming.Boost:1]]
[2020.09.05-13.16.25:563][  0]LogConfig: Setting CVar [[r.MaxAnisotropy:8]]
[2020.09.05-13.16.25:563][  0]LogConfig: Setting CVar [[r.Streaming.LimitPoolSizeToVRAM:0]]
[2020.09.05-13.16.25:563][  0]LogConfig: Setting CVar [[r.Streaming.PoolSize:1000]]
[2020.09.05-13.16.25:563][  0]LogConfig: Setting CVar [[r.Streaming.MaxEffectiveScreenSize:0]]
[2020.09.05-13.16.25:563][  0]LogConfig: Applying CVar settings from Section [EffectsQuality@3] File [C:/Users/ADMIN/Documents/GitHub/theshwetapatil/Stealth-Game-UE4/Stealth Game/Saved/Config/Windows/Scalability.ini]
[2020.09.05-13.16.25:563][  0]LogConfig: Setting CVar [[r.TranslucencyLightingVolumeDim:64]]
[2020.09.05-13.16.25:563][  0]LogConfig: Setting CVar [[r.RefractionQuality:2]]
[2020.09.05-13.16.25:563][  0]LogConfig: Setting CVar [[r.SSR.Quality:3]]
[2020.09.05-13.16.25:563][  0]LogConfig: Setting CVar [[r.SceneColorFormat:4]]
[2020.09.05-13.16.25:563][  0]LogConfig: Setting CVar [[r.DetailMode:2]]
[2020.09.05-13.16.25:563][  0]LogConfig: Setting CVar [[r.TranslucencyVolumeBlur:1]]
[2020.09.05-13.16.25:563][  0]LogConfig: Setting CVar [[r.MaterialQualityLevel:1 ; High quality]]
[2020.09.05-13.16.25:563][  0]LogConfig: Setting CVar [[r.SSS.Scale:1]]
[2020.09.05-13.16.25:563][  0]LogConfig: Setting CVar [[r.SSS.SampleSet:2]]
[2020.09.05-13.16.25:563][  0]LogConfig: Setting CVar [[r.SSS.Quality:1]]
[2020.09.05-13.16.25:563][  0]LogConfig: Setting CVar [[r.SSS.HalfRes:1]]
[2020.09.05-13.16.25:563][  0]LogConfig: Setting CVar [[r.EmitterSpawnRateScale:1.0]]
[2020.09.05-13.16.25:563][  0]LogConfig: Setting CVar [[r.ParticleLightQuality:2]]
[2020.09.05-13.16.25:563][  0]LogConfig: Applying CVar settings from Section [FoliageQuality@3] File [C:/Users/ADMIN/Documents/GitHub/theshwetapatil/Stealth-Game-UE4/Stealth Game/Saved/Config/Windows/Scalability.ini]
[2020.09.05-13.16.25:563][  0]LogConfig: Setting CVar [[foliage.DensityScale:1.0]]
[2020.09.05-13.16.25:563][  0]LogConfig: Setting CVar [[grass.DensityScale:1.0]]
[2020.09.05-13.16.25:563][  0]LogConfig: Applying CVar settings from Section [Startup] File [../../../Engine/Config/ConsoleVariables.ini]
[2020.09.05-13.16.25:563][  0]LogConfig: Setting CVar [[net.UseAdaptiveNetUpdateFrequency:0]]
[2020.09.05-13.16.25:563][  0]LogConfig: Setting CVar [[p.chaos.AllowCreatePhysxBodies:1]]
[2020.09.05-13.16.25:563][  0]LogConfig: Applying CVar settings from Section [ConsoleVariables] File [C:/Users/ADMIN/Documents/GitHub/theshwetapatil/Stealth-Game-UE4/Stealth Game/Saved/Config/Windows/Engine.ini]
[2020.09.05-13.16.25:563][  0]LogInit: Computer: DESKTOP-C697CL8
[2020.09.05-13.16.25:563][  0]LogInit: User: ADMIN
[2020.09.05-13.16.25:563][  0]LogInit: CPU Page size=4096, Cores=4
[2020.09.05-13.16.25:564][  0]LogInit: High frequency timer resolution =10.000000 MHz
[2020.09.05-13.16.25:564][  0]LogMemory: Memory total: Physical=15.9GB (16GB approx)
[2020.09.05-13.16.25:564][  0]LogMemory: Platform Memory Stats for Windows
[2020.09.05-13.16.25:564][  0]LogMemory: Process Physical Memory: 101.02 MB used, 101.02 MB peak
[2020.09.05-13.16.25:564][  0]LogMemory: Process Virtual Memory: 100.77 MB used, 100.77 MB peak
[2020.09.05-13.16.25:564][  0]LogMemory: Physical Memory: 7890.03 MB used,  8442.46 MB free, 16332.49 MB total
[2020.09.05-13.16.25:564][  0]LogMemory: Virtual Memory: 4668.49 MB used,  134213056.00 MB free, 134217728.00 MB total
[2020.09.05-13.16.25:567][  0]LogWindows: WindowsPlatformFeatures enabled
[2020.09.05-13.16.25:593][  0]LogInit: Using OS detected language (en-US).
[2020.09.05-13.16.25:593][  0]LogInit: Using OS detected locale (en-US).
[2020.09.05-13.16.25:594][  0]LogTextLocalizationManager: No specific localization for 'en-US' exists, so the 'en' localization will be used.
[2020.09.05-13.16.25:781][  0]LogInit: Setting process to per monitor DPI aware
[2020.09.05-13.16.25:815][  0]LogSlate: New Slate User Created.  User Index 0, Is Virtual User: 0
[2020.09.05-13.16.25:815][  0]LogSlate: Slate User Registered.  User Index 0, Is Virtual User: 0
[2020.09.05-13.16.26:037][  0]LogHMD: Failed to initialize OpenVR with code 110
[2020.09.05-13.16.26:037][  0]LogD3D11RHI: D3D11 adapters:
[2020.09.05-13.16.26:138][  0]LogD3D11RHI:    0. 'NVIDIA GeForce GTX 1050 Ti' (Feature Level 11_0)
[2020.09.05-13.16.26:138][  0]LogD3D11RHI:       4018/0/8166 MB DedicatedVideo/DedicatedSystem/SharedSystem, Outputs:2, VendorId:0x10de
[2020.09.05-13.16.26:141][  0]LogD3D11RHI:    1. 'Microsoft Basic Render Driver' (Feature Level 11_0)
[2020.09.05-13.16.26:141][  0]LogD3D11RHI:       0/0/8166 MB DedicatedVideo/DedicatedSystem/SharedSystem, Outputs:0, VendorId:0x1414
[2020.09.05-13.16.26:141][  0]LogD3D11RHI: Chosen D3D11 Adapter: 0
[2020.09.05-13.16.26:151][  0]LogD3D11RHI: Creating new Direct3DDevice
[2020.09.05-13.16.26:151][  0]LogD3D11RHI:     GPU DeviceId: 0x1c82 (for the marketing name, search the web for "GPU Device Id")
[2020.09.05-13.16.26:151][  0]LogWindows: EnumDisplayDevices:
[2020.09.05-13.16.26:151][  0]LogWindows:    0. 'NVIDIA GeForce GTX 1050 Ti' (P:1 D:1)
[2020.09.05-13.16.26:152][  0]LogWindows:    1. 'NVIDIA GeForce GTX 1050 Ti' (P:0 D:1)
[2020.09.05-13.16.26:152][  0]LogWindows:    2. 'NVIDIA GeForce GTX 1050 Ti' (P:0 D:0)
[2020.09.05-13.16.26:152][  0]LogWindows:    3. 'NVIDIA GeForce GTX 1050 Ti' (P:0 D:0)
[2020.09.05-13.16.26:152][  0]LogWindows: DebugString: FoundDriverCount:4 
[2020.09.05-13.16.26:152][  0]LogD3D11RHI:     Adapter Name: NVIDIA GeForce GTX 1050 Ti
[2020.09.05-13.16.26:152][  0]LogD3D11RHI:   Driver Version: 432.00 (internal:26.21.14.3200, unified:432.00)
[2020.09.05-13.16.26:152][  0]LogD3D11RHI:      Driver Date: 7-24-2019
[2020.09.05-13.16.26:152][  0]LogRHI: Texture pool is 2812 MB (70% of 4018 MB)
[2020.09.05-13.16.26:215][  0]LogD3D11RHI: Async texture creation enabled
[2020.09.05-13.16.26:228][  0]LogD3D11RHI: GPU Timing Frequency: 1000.000000 (Debug: 2 1)
[2020.09.05-13.16.26:682][  0]LogTemp: Display: Module 'AllDesktopTargetPlatform' loaded TargetPlatform 'AllDesktop'
[2020.09.05-13.16.26:692][  0]LogTemp: Display: Module 'MacClientTargetPlatform' loaded TargetPlatform 'MacClient'
[2020.09.05-13.16.26:703][  0]LogTemp: Display: Module 'MacNoEditorTargetPlatform' loaded TargetPlatform 'MacNoEditor'
[2020.09.05-13.16.26:716][  0]LogTemp: Display: Module 'MacServerTargetPlatform' loaded TargetPlatform 'MacServer'
[2020.09.05-13.16.26:727][  0]LogTemp: Display: Module 'MacTargetPlatform' loaded TargetPlatform 'Mac'
[2020.09.05-13.16.26:739][  0]LogTemp: Display: Module 'WindowsClientTargetPlatform' loaded TargetPlatform 'WindowsClient'
[2020.09.05-13.16.26:750][  0]LogTemp: Display: Module 'WindowsNoEditorTargetPlatform' loaded TargetPlatform 'WindowsNoEditor'
[2020.09.05-13.16.26:763][  0]LogTemp: Display: Module 'WindowsServerTargetPlatform' loaded TargetPlatform 'WindowsServer'
[2020.09.05-13.16.26:769][  0]LogTemp: Display: Module 'WindowsTargetPlatform' loaded TargetPlatform 'Windows'
[2020.09.05-13.16.26:810][  0]LogTemp: Display: Module 'AndroidTargetPlatform' loaded TargetPlatform 'Android'
[2020.09.05-13.16.26:810][  0]LogTemp: Display: Module 'AndroidTargetPlatform' loaded TargetPlatform 'Android_ASTC'
[2020.09.05-13.16.26:810][  0]LogTemp: Display: Module 'AndroidTargetPlatform' loaded TargetPlatform 'Android_ATC'
[2020.09.05-13.16.26:810][  0]LogTemp: Display: Module 'AndroidTargetPlatform' loaded TargetPlatform 'Android_DXT'
[2020.09.05-13.16.26:810][  0]LogTemp: Display: Module 'AndroidTargetPlatform' loaded TargetPlatform 'Android_ETC1'
[2020.09.05-13.16.26:810][  0]LogTemp: Display: Module 'AndroidTargetPlatform' loaded TargetPlatform 'Android_ETC1a'
[2020.09.05-13.16.26:810][  0]LogTemp: Display: Module 'AndroidTargetPlatform' loaded TargetPlatform 'Android_ETC2'
[2020.09.05-13.16.26:810][  0]LogTemp: Display: Module 'AndroidTargetPlatform' loaded TargetPlatform 'Android_PVRTC'
[2020.09.05-13.16.26:810][  0]LogTemp: Display: Module 'AndroidTargetPlatform' loaded TargetPlatform 'AndroidClient'
[2020.09.05-13.16.26:810][  0]LogTemp: Display: Module 'AndroidTargetPlatform' loaded TargetPlatform 'Android_ASTCClient'
[2020.09.05-13.16.26:810][  0]LogTemp: Display: Module 'AndroidTargetPlatform' loaded TargetPlatform 'Android_ATCClient'
[2020.09.05-13.16.26:810][  0]LogTemp: Display: Module 'AndroidTargetPlatform' loaded TargetPlatform 'Android_DXTClient'
[2020.09.05-13.16.26:810][  0]LogTemp: Display: Module 'AndroidTargetPlatform' loaded TargetPlatform 'Android_ETC1Client'
[2020.09.05-13.16.26:810][  0]LogTemp: Display: Module 'AndroidTargetPlatform' loaded TargetPlatform 'Android_ETC1aClient'
[2020.09.05-13.16.26:810][  0]LogTemp: Display: Module 'AndroidTargetPlatform' loaded TargetPlatform 'Android_ETC2Client'
[2020.09.05-13.16.26:811][  0]LogTemp: Display: Module 'AndroidTargetPlatform' loaded TargetPlatform 'Android_PVRTCClient'
[2020.09.05-13.16.26:811][  0]LogTemp: Display: Module 'AndroidTargetPlatform' loaded TargetPlatform 'Android_Multi'
[2020.09.05-13.16.26:811][  0]LogTemp: Display: Module 'AndroidTargetPlatform' loaded TargetPlatform 'Android_MultiClient'
[2020.09.05-13.16.26:813][  0]LogTemp: Display: Module 'HTML5TargetPlatform' loaded TargetPlatform 'HTML5'
[2020.09.05-13.16.26:839][  0]LogTemp: Display: Module 'IOSTargetPlatform' loaded TargetPlatform 'IOSClient'
[2020.09.05-13.16.26:839][  0]LogTemp: Display: Module 'IOSTargetPlatform' loaded TargetPlatform 'IOS'
[2020.09.05-13.16.26:859][  0]LogTemp: Display: Module 'TVOSTargetPlatform' loaded TargetPlatform 'TVOSClient'
[2020.09.05-13.16.26:859][  0]LogTemp: Display: Module 'TVOSTargetPlatform' loaded TargetPlatform 'TVOS'
[2020.09.05-13.16.26:869][  0]LogTemp: Display: Module 'LinuxClientTargetPlatform' loaded TargetPlatform 'LinuxClient'
[2020.09.05-13.16.26:877][  0]LogTemp: Display: Module 'LinuxNoEditorTargetPlatform' loaded TargetPlatform 'LinuxNoEditor'
[2020.09.05-13.16.26:886][  0]LogTemp: Display: Module 'LinuxServerTargetPlatform' loaded TargetPlatform 'LinuxServer'
[2020.09.05-13.16.26:897][  0]LogTemp: Display: Module 'LinuxTargetPlatform' loaded TargetPlatform 'Linux'
[2020.09.05-13.16.26:935][  0]LogTemp: Display: Module 'LuminTargetPlatform' loaded TargetPlatform 'Lumin'
[2020.09.05-13.16.26:935][  0]LogTemp: Display: Module 'LuminTargetPlatform' loaded TargetPlatform 'LuminClient'
[2020.09.05-13.16.26:935][  0]LogTargetPlatformManager: Display: Building Assets For Windows
[2020.09.05-13.16.26:949][  0]LogAudioDebug: Display: Lib vorbis DLL was dynamically loaded.
[2020.09.05-13.16.27:025][  0]LogShaderCompilers: Guid format shader working directory is -45 characters bigger than the processId version (../../../../../../Users/ADMIN/Documents/GitHub/theshwetapatil/Stealth-Game-UE4/Stealth Game/Intermediate/Shaders/WorkingDirectory/4140/).
[2020.09.05-13.16.27:025][  0]LogShaderCompilers: Cleaned the shader compiler working directory 'C:/Users/ADMIN/AppData/Local/Temp/UnrealShaderWorkingDir/71530D1A44B71314FA20629640881A93/'.
[2020.09.05-13.16.27:029][  0]LogXGEController: Cleaning working directory: C:/Users/ADMIN/AppData/Local/Temp/UnrealXGEWorkingDir/
[2020.09.05-13.16.27:029][  0]LogXGEController: Cannot use XGE Controller as Incredibuild is not installed on this machine.
[2020.09.05-13.16.27:029][  0]LogShaderCompilers: Cannot use XGE Shader Compiler as Incredibuild is not installed on this machine.
[2020.09.05-13.16.27:029][  0]LogShaderCompilers: Display: Using Local Shader Compiler.
[2020.09.05-13.16.27:771][  0]LogDerivedDataCache: Display: Max Cache Size: 512 MB
[2020.09.05-13.16.27:822][  0]LogDerivedDataCache: Loaded boot cache 0.05s 75MB C:/Users/ADMIN/AppData/Local/UnrealEngine/4.23/DerivedDataCache/Boot.ddc.
[2020.09.05-13.16.27:822][  0]LogDerivedDataCache: Display: Loaded Boot cache: C:/Users/ADMIN/AppData/Local/UnrealEngine/4.23/DerivedDataCache/Boot.ddc
[2020.09.05-13.16.27:822][  0]LogDerivedDataCache: FDerivedDataBackendGraph:  Pak pak cache file ../../../../../../Users/ADMIN/Documents/GitHub/theshwetapatil/Stealth-Game-UE4/Stealth Game/DerivedDataCache/DDC.ddp not found, will not use a pak cache.
[2020.09.05-13.16.27:822][  0]LogDerivedDataCache: Unable to find inner node Pak for hierarchical cache Hierarchy.
[2020.09.05-13.16.27:822][  0]LogDerivedDataCache: FDerivedDataBackendGraph:  CompressedPak pak cache file ../../../../../../Users/ADMIN/Documents/GitHub/theshwetapatil/Stealth-Game-UE4/Stealth Game/DerivedDataCache/Compressed.ddp not found, will not use a pak cache.
[2020.09.05-13.16.27:822][  0]LogDerivedDataCache: Unable to find inner node CompressedPak for hierarchical cache Hierarchy.
[2020.09.05-13.16.27:836][  0]LogDerivedDataCache: Display: Pak cache opened for reading ../../../Engine/DerivedDataCache/Compressed.ddp.
[2020.09.05-13.16.27:836][  0]LogDerivedDataCache: FDerivedDataBackendGraph:  EnterprisePak pak cache file ../../../Enterprise/DerivedDataCache/Compressed.ddp not found, will not use a pak cache.
[2020.09.05-13.16.27:836][  0]LogDerivedDataCache: Unable to find inner node EnterprisePak for hierarchical cache Hierarchy.
[2020.09.05-13.16.27:838][  0]LogDerivedDataCache: Using Local data cache path C:/Users/ADMIN/AppData/Local/UnrealEngine/Common/DerivedDataCache: Writable
[2020.09.05-13.16.27:838][  0]LogDerivedDataCache: Shared data cache path not found in *engine.ini, will not use an Shared cache.
[2020.09.05-13.16.27:838][  0]LogDerivedDataCache: Unable to find inner node Shared for hierarchical cache Hierarchy.
[2020.09.05-13.16.27:860][  0]LogMaterial: Verifying Global Shaders for PCD3D_SM5
[2020.09.05-13.16.27:864][  0]LogSlate: Using FreeType 2.6.0
[2020.09.05-13.16.27:864][  0]LogSlate: SlateFontServices - WITH_FREETYPE: 1, WITH_HARFBUZZ: 1
[2020.09.05-13.16.27:937][  0]LogAssetRegistry: FAssetRegistry took 0.0033 seconds to start up
[2020.09.05-13.16.28:285][  0]LogInit: Selected Device Profile: [Windows]
[2020.09.05-13.16.28:461][  0]LogMeshReduction: Using QuadricMeshReduction for automatic static mesh reduction
[2020.09.05-13.16.28:461][  0]LogMeshReduction: Using SimplygonMeshReduction for automatic skeletal mesh reduction
[2020.09.05-13.16.28:461][  0]LogMeshReduction: Using ProxyLODMeshReduction for automatic mesh merging
[2020.09.05-13.16.28:461][  0]LogMeshReduction: No distributed automatic mesh merging module available
[2020.09.05-13.16.28:461][  0]LogMeshMerging: No distributed automatic mesh merging module available
[2020.09.05-13.16.28:472][  0]LogNetVersion: FPSGame 1.0.0, NetCL: 8386587, EngineNetVer: 11, GameNetVer: 0 (Checksum: 2384151453)
[2020.09.05-13.16.29:017][  0]LogPackageLocalizationCache: Processed 12 localized package path(s) for 1 prioritized culture(s) in 0.052558 seconds
[2020.09.05-13.16.29:026][  0]LogUObjectArray: 43444 objects as part of root set at end of initial load.
[2020.09.05-13.16.29:026][  0]LogUObjectAllocator: 7548648 out of 0 bytes used by permanent object pool.
[2020.09.05-13.16.29:026][  0]LogUObjectArray: CloseDisregardForGC: 0/0 objects in disregard for GC pool
[2020.09.05-13.16.30:115][  0]LogTcpMessaging: Initializing TcpMessaging bridge
[2020.09.05-13.16.30:119][  0]LogUdpMessaging: Initializing bridge on interface 0.0.0.0:0 to multicast group 230.0.0.1:6666.
[2020.09.05-13.16.30:336][  0]SourceControl: Source control is disabled
[2020.09.05-13.16.30:336][  0]SourceControl: Source control is disabled
[2020.09.05-13.16.30:338][  0]SourceControl: Source control is disabled
[2020.09.05-13.16.30:339][  0]SourceControl: Source control is disabled
[2020.09.05-13.16.30:449][  0]LogAndroidPermission: UAndroidPermissionCallbackProxy::GetInstance
[2020.09.05-13.16.30:641][  0]LogOcInput: OculusInput pre-init called
[2020.09.05-13.16.30:650][  0]LogWindows: Failed to load 'OVRPlugin.dll' (GetLastError=126)
[2020.09.05-13.16.30:650][  0]LogWindows: File 'OVRPlugin.dll' does not exist
[2020.09.05-13.16.30:729][  0]LogEngine: Initializing Engine...
[2020.09.05-13.16.30:730][  0]LogHMD: Failed to initialize OpenVR with code 110
[2020.09.05-13.16.30:731][  0]LogStats: UGameplayTagsManager::InitializeManager -  0.000 s
[2020.09.05-13.16.30:997][  0]LogInit: Initializing FReadOnlyCVARCache
[2020.09.05-13.16.31:022][  0]LogAIModule: Creating AISystem for world Untitled
[2020.09.05-13.16.31:049][  0]LogInit: XAudio2 using 'Speakers (Realtek(R) Audio)' : 2 channels at 48 kHz using 32 bits per sample (channel mask 0x3)
[2020.09.05-13.16.31:080][  0]LogInit: FAudioDevice initialized.
[2020.09.05-13.16.31:080][  0]LogNetVersion: Set ProjectVersion to 1.0.0.0. Version Checksum will be recalculated on next use.
[2020.09.05-13.16.31:209][  0]LogDerivedDataCache: Saved boot cache 0.13s 75MB C:/Users/ADMIN/AppData/Local/UnrealEngine/4.23/DerivedDataCache/Boot.ddc.
[2020.09.05-13.16.31:209][  0]LogInit: Texture streaming: Enabled
[2020.09.05-13.16.31:239][  0]LogEngineSessionManager: EngineSessionManager initialized
[2020.09.05-13.16.31:239][  0]LogEngineSessionManager: EngineSessionManager sent abnormal shutdown report. Type=Crashed, SessionId={AA8EABEF-4C4D-56F0-D2D5-D3AA91DF95EB}
[2020.09.05-13.16.31:239][  0]LogEditorSessionSummary: Verbose: Initializing EditorSessionSummaryWriter for editor session tracking
[2020.09.05-13.16.31:240][  0]LogEditorSessionSummary: EditorSessionSummaryWriter initialized
[2020.09.05-13.16.31:307][  0]LogInit: Transaction tracking system initialized
[2020.09.05-13.16.31:357][  0]BlueprintLog: New page: Editor Load
[2020.09.05-13.16.31:471][  0]LocalizationService: Localization service is disabled
[2020.09.05-13.16.31:743][  0]LogFileCache: Scanning file cache for directory 'C:/Users/ADMIN/Documents/GitHub/theshwetapatil/Stealth-Game-UE4/Stealth Game/Content/' took 0.00s
[2020.09.05-13.16.31:743][  0]LogCook: Display: Max memory allowance for cook 16384mb min free memory 0mb
[2020.09.05-13.16.31:743][  0]LogCook: Display: Mobile HDR setting 1
[2020.09.05-13.16.31:973][  0]SourceControl: Source control is disabled
[2020.09.05-13.16.31:974][  0]Cmd: MAP LOAD FILE="../../../../../../Users/ADMIN/Documents/GitHub/theshwetapatil/Stealth-Game-UE4/Stealth Game/Content/Maps/FirstPersonExampleMap.umap" TEMPLATE=0 SHOWPROGRESS=1 FEATURELEVEL=3
[2020.09.05-13.16.31:974][  0]LightingResults: New page: Lighting Build
[2020.09.05-13.16.31:978][  0]LogWorld: UWorld::CleanupWorld for Untitled, bSessionEnded=true, bCleanupResources=true
[2020.09.05-13.16.31:978][  0]MapCheck: New page: Map Check
[2020.09.05-13.16.31:978][  0]LightingResults: New page: Lighting Build
[2020.09.05-13.16.32:006][  0]LogUObjectHash: Compacting FUObjectHashTables data took   2.22ms
[2020.09.05-13.16.32:190][  0]LogAIModule: Creating AISystem for world FirstPersonExampleMap
[2020.09.05-13.16.32:199][  0]LogEditorServer: Finished looking for orphan Actors (0.000 secs)
[2020.09.05-13.16.32:233][  0]LogUObjectHash: Compacting FUObjectHashTables data took   3.69ms
[2020.09.05-13.16.32:234][  0]Cmd: MAP CHECKDEP NOCLEARLOG
[2020.09.05-13.16.32:234][  0]MapCheck: Map check complete: 0 Error(s), 0 Warning(s), took 0.328ms to complete.
[2020.09.05-13.16.32:234][  0]LogFileHelpers: Loading map 'FirstPersonExampleMap' took 0.261
[2020.09.05-13.16.32:335][  0]LogSlate: Updating window title bar state: overlay mode, drag disabled, window buttons hidden, title bar hidden
[2020.09.05-13.16.32:343][  0]LogSlate: Updating window title bar state: overlay mode, drag disabled, window buttons hidden, title bar hidden
[2020.09.05-13.16.32:351][  0]LogSlate: Updating window title bar state: overlay mode, drag disabled, window buttons hidden, title bar hidden
[2020.09.05-13.16.32:358][  0]LogSlate: Updating window title bar state: overlay mode, drag disabled, window buttons hidden, title bar hidden
[2020.09.05-13.16.32:366][  0]LogCollectionManager: Loaded 0 collections in 0.002633 seconds
[2020.09.05-13.16.32:375][  0]LogFileCache: Scanning file cache for directory 'C:/Users/ADMIN/Documents/GitHub/theshwetapatil/Stealth-Game-UE4/Stealth Game/Saved/Collections/' took 0.00s
[2020.09.05-13.16.32:375][  0]LogFileCache: Scanning file cache for directory 'C:/Users/ADMIN/Documents/GitHub/theshwetapatil/Stealth-Game-UE4/Stealth Game/Content/Developers/ADMIN/Collections/' took 0.00s
[2020.09.05-13.16.32:375][  0]LogFileCache: Scanning file cache for directory 'C:/Users/ADMIN/Documents/GitHub/theshwetapatil/Stealth-Game-UE4/Stealth Game/Content/Collections/' took 0.00s
[2020.09.05-13.16.32:375][  0]LogCollectionManager: Rebuilt the GUID cache for 0 collections in 0.000002 seconds
[2020.09.05-13.16.32:387][  0]LogContentBrowser: Native class hierarchy populated in 0.0116 seconds. Added 2870 classes and 683 folders.
[2020.09.05-13.16.32:398][  0]LogContentBrowser: Native class hierarchy updated for 'WidgetCarousel' in 0.0004 seconds. Added 0 classes and 0 folders.
[2020.09.05-13.16.32:447][  0]LogContentBrowser: Native class hierarchy updated for 'AddContentDialog' in 0.0004 seconds. Added 0 classes and 0 folders.
[2020.09.05-13.16.32:456][  0]LogContentBrowser: Native class hierarchy updated for 'SceneOutliner' in 0.0004 seconds. Added 1 classes and 2 folders.
[2020.09.05-13.16.33:797][  0]LogSlate: Only BGRA pngs, bmps or icos are supported in by External Image Picker
[2020.09.05-13.16.33:832][  0]LogSlate: Took 0.000276 seconds to synchronously load lazily loaded font '../../../Engine/Content/Slate/Fonts/Roboto-Regular.ttf' (155K)
[2020.09.05-13.16.33:836][  0]LogSlate: Took 0.000304 seconds to synchronously load lazily loaded font '../../../Engine/Content/Slate/Fonts/Roboto-Bold.ttf' (160K)
[2020.09.05-13.16.33:844][  0]LogSlate: Took 0.000288 seconds to synchronously load lazily loaded font '../../../Engine/Content/Editor/Slate/Fonts/FontAwesome.ttf' (139K)
[2020.09.05-13.16.33:845][  0]LogSlate: Took 0.000218 seconds to synchronously load lazily loaded font '../../../Engine/Content/Slate/Fonts/DroidSansMono.ttf' (77K)
[2020.09.05-13.16.33:962][  0]LogRenderer: Reallocating scene render targets to support 884x316 Format 10 NumSamples 1 (Frame:1).
[2020.09.05-13.16.34:174][  0]LogContentBrowser: Native class hierarchy updated for 'HierarchicalLODOutliner' in 0.0005 seconds. Added 0 classes and 0 folders.
[2020.09.05-13.16.34:174][  0]LogLoad: (Engine Initialization) Total time: 10.16 seconds
[2020.09.05-13.16.34:175][  0]LogLoad: (Engine Initialization) Total Blueprint compile time: 0.00 seconds
[2020.09.05-13.16.34:280][  0]LogContentStreaming: Texture pool size now 1000 MB
[2020.09.05-13.16.34:321][  1]LogAssetRegistry: Asset discovery search completed in 6.3846 seconds
[2020.09.05-13.16.34:327][  1]LogCollectionManager: Rebuilt the object cache for 0 collections in 0.000006 seconds (found 0 objects)
[2020.09.05-13.16.34:327][  1]LogCollectionManager: Fixed up redirectors for 0 collections in 0.000342 seconds (updated 0 objects)
[2020.09.05-13.16.35:651][  5]LogSlate: Took 0.000252 seconds to synchronously load lazily loaded font '../../../Engine/Content/Slate/Fonts/Roboto-Light.ttf' (167K)
[2020.09.05-13.16.41:604][197]LogSlate: FSceneViewport::OnFocusLost() reason 0
[2020.09.05-13.16.41:779][215]LogAssetEditorManager: Opening Asset editor for Blueprint /Game/Blueprints/BP_Guard.BP_Guard
[2020.09.05-13.16.42:070][215]LogContentBrowser: Native class hierarchy updated for 'BlueprintGraph' in 0.0007 seconds. Added 121 classes and 0 folders.
[2020.09.05-13.16.44:398][346]LogSlate: Window 'BP_Guard' being destroyed
[2020.09.05-13.16.44:404][346]LogWorld: UWorld::CleanupWorld for World_1, bSessionEnded=true, bCleanupResources=true
[2020.09.05-13.16.44:463][346]LogSlate: FSceneViewport::OnFocusLost() reason 5
[2020.09.05-13.16.44:466][346]LogAssetEditorManager: Opening Asset editor for Blueprint /Game/Blueprints/BP_Guard.BP_Guard
[2020.09.05-13.16.44:843][346]LogSlate: Took 0.000304 seconds to synchronously load lazily loaded font '../../../Engine/Content/Slate/Fonts/Roboto-BoldCondensed.ttf' (158K)
[2020.09.05-13.16.46:672][528]LogSlate: Window 'BP_Guard' being destroyed
[2020.09.05-13.16.49:734][893]LogSlate: FSceneViewport::OnFocusLost() reason 0
[2020.09.05-13.16.49:752][894]LogRenderer: Reallocating scene render targets to support 884x460 Format 10 NumSamples 1 (Frame:1).
[2020.09.05-13.17.04:196][611]Candidate modules for hot reload:
[2020.09.05-13.17.04:196][611]  FPSGame
[2020.09.05-13.17.04:196][611]Launching UnrealBuildTool... [C:/Program Files/Epic Games/UE_4.23/Engine/Binaries/DotNET/UnrealBuildTool.exe  -ModuleWithSuffix=FPSGame,1074 Win64 Development -TargetType=Editor -Project="C:/Users/ADMIN/Documents/GitHub/theshwetapatil/Stealth-Game-UE4/Stealth Game/FPSGame.uproject" "C:/Users/ADMIN/Documents/GitHub/theshwetapatil/Stealth-Game-UE4/Stealth Game/FPSGame.uproject"  -IgnoreJunk]
[2020.09.05-13.17.04:199][611]Warning: Starting HotReload took  0.0s.
[2020.09.05-13.17.16:739][842]CompilerResultsLog: New page: Compilation - Sep 6, 2020, 12:17:16 AM
[2020.09.05-13.17.16:739][842]CompilerResultsLog: Using 'git status' to determine working set for adaptive non-unity build (C:\Users\ADMIN\Documents\GitHub\theshwetapatil\Stealth-Game-UE4).
[2020.09.05-13.17.16:739][842]CompilerResultsLog: Parsing headers for FPSGameEditor
[2020.09.05-13.17.16:739][842]CompilerResultsLog:   Running UnrealHeaderTool "C:\Users\ADMIN\Documents\GitHub\theshwetapatil\Stealth-Game-UE4\Stealth Game\FPSGame.uproject" "C:\Users\ADMIN\Documents\GitHub\theshwetapatil\Stealth-Game-UE4\Stealth Game\Intermediate\Build\Win64\FPSGameEditor\Development\FPSGameEditor.uhtmanifest" -LogCmds="loginit warning, logexit warning, logdatabase error" -Unattended -WarningsAsErrors -installed
[2020.09.05-13.17.16:740][842]CompilerResultsLog: Reflection code generated for FPSGameEditor in 8.8920772 seconds
[2020.09.05-13.17.16:740][842]CompilerResultsLog: Using Visual Studio 2019 14.24.28314 toolchain (C:\Program Files (x86)\Microsoft Visual Studio\2019\Community\VC\Tools\MSVC\14.24.28314) and Windows 10.0.18362.0 SDK (C:\Program Files (x86)\Windows Kits\10).
[2020.09.05-13.17.16:740][842]CompilerResultsLog: Building 4 actions with 8 processes...
[2020.09.05-13.17.16:740][842]CompilerResultsLog:   [1/4] FPSAIGuard.cpp
[2020.09.05-13.17.16:741][842]CompilerResultsLog:   [2/4] UE4Editor-FPSGame-1074.lib
[2020.09.05-13.17.16:741][842]CompilerResultsLog:      Creating library C:\Users\ADMIN\Documents\GitHub\theshwetapatil\Stealth-Game-UE4\Stealth Game\Intermediate\Build\Win64\UE4Editor\Development\FPSGame\UE4Editor-FPSGame-1074.lib and object C:\Users\ADMIN\Documents\GitHub\theshwetapatil\Stealth-Game-UE4\Stealth Game\Intermediate\Build\Win64\UE4Editor\Development\FPSGame\UE4Editor-FPSGame-1074.exp
[2020.09.05-13.17.16:741][842]CompilerResultsLog:   [3/4] UE4Editor-FPSGame-1074.dll
[2020.09.05-13.17.16:741][842]CompilerResultsLog:      Creating library C:\Users\ADMIN\Documents\GitHub\theshwetapatil\Stealth-Game-UE4\Stealth Game\Intermediate\Build\Win64\UE4Editor\Development\FPSGame\UE4Editor-FPSGame-1074.suppressed.lib and object C:\Users\ADMIN\Documents\GitHub\theshwetapatil\Stealth-Game-UE4\Stealth Game\Intermediate\Build\Win64\UE4Editor\Development\FPSGame\UE4Editor-FPSGame-1074.suppressed.exp
[2020.09.05-13.17.16:742][842]CompilerResultsLog:   [4/4] FPSGameEditor.target
[2020.09.05-13.17.16:742][842]CompilerResultsLog: Total time in Parallel executor: 1.99 seconds
[2020.09.05-13.17.16:742][842]CompilerResultsLog: Total execution time: 12.37 seconds
[2020.09.05-13.17.16:742][842]LogMainFrame: MainFrame: Module compiling took 12.551 seconds
[2020.09.05-13.17.16:783][842]LogUObjectHash: Compacting FUObjectHashTables data took   4.28ms
[2020.09.05-13.17.16:816][842]LogContentBrowser: Native class hierarchy updated for 'FPSGame' in 0.0005 seconds. Added 7 classes and 3 folders.
[2020.09.05-13.17.16:821][842]Display: HotReload successful (3 functions remapped  0 scriptstructs remapped)
[2020.09.05-13.17.16:925][842]LogUObjectHash: Compacting FUObjectHashTables data took   1.93ms
[2020.09.05-13.17.16:944][842]LogContentBrowser: Native class hierarchy populated in 0.0107 seconds. Added 2871 classes and 685 folders.
[2020.09.05-13.17.16:944][842]Display: HotReload took 12.8s.
[2020.09.05-13.17.26:721][242]LogTemp: Repeating last play command: Selected Viewport
[2020.09.05-13.17.26:737][242]LogBlueprintUserMessages: Early PlayInEditor Detection: Level '/Game/Maps/FirstPersonExampleMap.FirstPersonExampleMap:PersistentLevel' has LevelScriptBlueprint '/Game/Maps/FirstPersonExampleMap.FirstPersonExampleMap:PersistentLevel.FirstPersonExampleMap' with GeneratedClass '/Game/Maps/FirstPersonExampleMap.FirstPersonExampleMap_C' with ClassGeneratedBy '/Game/Maps/FirstPersonExampleMap.FirstPersonExampleMap:PersistentLevel.FirstPersonExampleMap'
[2020.09.05-13.17.26:738][242]LogPlayLevel: PlayLevel: No blueprints needed recompiling
[2020.09.05-13.17.26:738][242]PIE: New page: PIE session: FirstPersonExampleMap (Sep 6, 2020, 12:17:26 AM)
[2020.09.05-13.17.26:740][242]LogOnline: OSS: Creating online subsystem instance for: NULL
[2020.09.05-13.17.26:741][242]LogPlayLevel: Creating play world package: /Game/Maps/UEDPIE_0_FirstPersonExampleMap
[2020.09.05-13.17.26:767][242]LogPlayLevel: PIE: StaticDuplicateObject took: (0.025239s)
[2020.09.05-13.17.26:769][242]LogAIModule: Creating AISystem for world FirstPersonExampleMap
[2020.09.05-13.17.26:770][242]LogPlayLevel: PIE: World Init took: (0.002123s)
[2020.09.05-13.17.26:770][242]LogPlayLevel: PIE: Created PIE world by copying editor world from /Game/Maps/FirstPersonExampleMap.FirstPersonExampleMap to /Game/Maps/UEDPIE_0_FirstPersonExampleMap.FirstPersonExampleMap (0.028518s)
[2020.09.05-13.17.26:839][242]LogUObjectHash: Compacting FUObjectHashTables data took   4.81ms
[2020.09.05-13.17.26:863][242]LogInit: XAudio2 using 'Speakers (Realtek(R) Audio)' : 2 channels at 48 kHz using 32 bits per sample (channel mask 0x3)
[2020.09.05-13.17.26:886][242]LogInit: FAudioDevice initialized.
[2020.09.05-13.17.26:896][242]LogLoad: Game class is 'BP_GameMode_C'
[2020.09.05-13.17.26:898][242]LogWorld: Bringing World /Game/Maps/UEDPIE_0_FirstPersonExampleMap.FirstPersonExampleMap up for play (max tick rate 0) at 2020.09.05-18.47.26
[2020.09.05-13.17.26:900][242]LogWorld: Bringing up level for play took: 0.002810
[2020.09.05-13.17.26:900][242]LogOnline: OSS: Creating online subsystem instance for: :Context_5
[2020.09.05-13.17.26:937][242]LogContentBrowser: Native class hierarchy updated for 'MovieSceneCapture' in 0.0004 seconds. Added 20 classes and 0 folders.
[2020.09.05-13.17.26:938][242]LogOutputDevice: Warning: 

Script Stack (0 frames):

[2020.09.05-13.17.26:939][242]LogWindows: Windows GetLastError: The operation completed successfully. (0)
[2020.09.05-13.17.28:007][242]LogWindows: Error: === Critical error: ===
[2020.09.05-13.17.28:007][242]LogWindows: Error: 
[2020.09.05-13.17.28:007][242]LogWindows: Error: Fatal error: [File:D:/Build/++UE4/Sync/Engine/Source/Runtime/CoreUObject/Private/UObject/Obj.cpp] [Line: 106] 
[2020.09.05-13.17.28:007][242]LogWindows: Error: No object initializer found during construction.
[2020.09.05-13.17.28:007][242]LogWindows: Error: 
[2020.09.05-13.17.28:007][242]LogWindows: Error: 
[2020.09.05-13.17.28:007][242]LogWindows: Error: [Callstack] 0x00007ff8597ea719 KERNELBASE.dll!UnknownFunction []
[2020.09.05-13.17.28:007][242]LogWindows: Error: [Callstack] 0x00007ff8057da367 UE4Editor-Core.dll!UnknownFunction []
[2020.09.05-13.17.28:007][242]LogWindows: Error: [Callstack] 0x00007ff8057dcbc4 UE4Editor-Core.dll!UnknownFunction []
[2020.09.05-13.17.28:007][242]LogWindows: Error: [Callstack] 0x00007ff8055d1ada UE4Editor-Core.dll!UnknownFunction []
[2020.09.05-13.17.28:007][242]LogWindows: Error: [Callstack] 0x00007ff8055267a3 UE4Editor-Core.dll!UnknownFunction []
[2020.09.05-13.17.28:007][242]LogWindows: Error: [Callstack] 0x00007ff805526688 UE4Editor-Core.dll!UnknownFunction []
[2020.09.05-13.17.28:007][242]LogWindows: Error: [Callstack] 0x00007ff804f5fefc UE4Editor-CoreUObject.dll!UnknownFunction []
[2020.09.05-13.17.28:007][242]LogWindows: Error: [Callstack] 0x00007fffe40e288d UE4Editor-FPSGame-1074.dll!AFPSAIGuard::BeginPlay() [C:\Users\ADMIN\Documents\GitHub\theshwetapatil\Stealth-Game-UE4\Stealth Game\Source\FPSGame\Private\FPSAIGuard.cpp:25]
[2020.09.05-13.17.28:007][242]LogWindows: Error: [Callstack] 0x00007ffffd4206b6 UE4Editor-Engine.dll!UnknownFunction []
[2020.09.05-13.17.28:007][242]LogWindows: Error: [Callstack] 0x00007ffffe684710 UE4Editor-Engine.dll!UnknownFunction []
[2020.09.05-13.17.28:007][242]LogWindows: Error: [Callstack] 0x00007ffffdb18d81 UE4Editor-Engine.dll!UnknownFunction []
[2020.09.05-13.17.28:007][242]LogWindows: Error: [Callstack] 0x00007ffffe63244e UE4Editor-Engine.dll!UnknownFunction []
[2020.09.05-13.17.28:007][242]LogWindows: Error: [Callstack] 0x00007ffffdadad29 UE4Editor-Engine.dll!UnknownFunction []
[2020.09.05-13.17.28:007][242]LogWindows: Error: [Callstack] 0x00007ffffc4050b3 UE4Editor-UnrealEd.dll!UnknownFunction []
[2020.09.05-13.17.28:007][242]LogWindows: Error: [Callstack] 0x00007ffffc424361 UE4Editor-UnrealEd.dll!UnknownFunction []
[2020.09.05-13.17.28:007][242]LogWindows: Error: [Callstack] 0x00007ffffc43e265 UE4Editor-UnrealEd.dll!UnknownFunction []
[2020.09.05-13.17.28:007][242]LogWindows: Error: [Callstack] 0x00007ffffbefd9b4 UE4Editor-UnrealEd.dll!UnknownFunction []
[2020.09.05-13.17.28:007][242]LogWindows: Error: [Callstack] 0x00007ffffc755296 UE4Editor-UnrealEd.dll!UnknownFunction []
[2020.09.05-13.17.28:007][242]LogWindows: Error: [Callstack] 0x00007ff6f3397b0a UE4Editor.exe!UnknownFunction []
[2020.09.05-13.17.28:007][242]LogWindows: Error: [Callstack] 0x00007ff6f33aa91c UE4Editor.exe!UnknownFunction []
[2020.09.05-13.17.28:007][242]LogWindows: Error: [Callstack] 0x00007ff6f33aa9fa UE4Editor.exe!UnknownFunction []
[2020.09.05-13.17.28:007][242]LogWindows: Error: [Callstack] 0x00007ff6f33bb92c UE4Editor.exe!UnknownFunction []
[2020.09.05-13.17.28:007][242]LogWindows: Error: [Callstack] 0x00007ff6f33be60e UE4Editor.exe!UnknownFunction []
[2020.09.05-13.17.28:007][242]LogWindows: Error: [Callstack] 0x00007ff85b887bd4 KERNEL32.DLL!UnknownFunction []
[2020.09.05-13.17.28:008][242]LogWindows: Error: [Callstack] 0x00007ff85c3cce51 ntdll.dll!UnknownFunction []
[2020.09.05-13.17.28:008][242]LogWindows: Error: 
[2020.09.05-13.17.28:030][242]LogExit: Executing StaticShutdownAfterError
[2020.09.05-13.17.28:036][242]LogWindows: FPlatformMisc::RequestExit(1)
[2020.09.05-13.17.28:041][242]Log file closed, 09/05/20 18:47:28
