Log file open, 08/15/20 10:27:38
LogWindows: Failed to load 'aqProf.dll' (GetLastError=126)
LogWindows: File 'aqProf.dll' does not exist
LogWindows: Failed to load 'VtuneApi.dll' (GetLastError=126)
LogWindows: File 'VtuneApi.dll' does not exist
LogWindows: Failed to load 'VtuneApi32e.dll' (GetLastError=126)
LogWindows: File 'VtuneApi32e.dll' does not exist
LogConsoleResponse: Display: Failed to find resolution value strings in scalability ini. Falling back to default.
LogInit: Display: Running engine for game: FPSGame
LogPlatformFile: Not using cached read wrapper
LogTaskGraph: Started task graph with 5 named threads and 23 total threads with 3 sets of task threads.
LogStats: Stats thread started at 0.766408
LogD3D11RHI: Loaded GFSDK_Aftermath_Lib.x64.dll
LogICUInternationalization: ICU TimeZone Detection - Raw Offset: +5:30, Platform Override: ''
LogPluginManager: Mounting plugin Paper2D
LogPluginManager: Mounting plugin AISupport
LogPluginManager: Mounting plugin LightPropagationVolume
LogPluginManager: Mounting plugin ActorLayerUtilities
LogPluginManager: Mounting plugin AnimationSharing
LogPluginManager: Mounting plugin CLionSourceCodeAccess
LogPluginManager: Mounting plugin CodeLiteSourceCodeAccess
LogPluginManager: Mounting plugin GitSourceControl
LogPluginManager: Mounting plugin KDevelopSourceCodeAccess
LogPluginManager: Mounting plugin NullSourceCodeAccess
LogPluginManager: Mounting plugin PerforceSourceControl
LogPluginManager: Mounting plugin SubversionSourceControl
LogPluginManager: Mounting plugin UObjectPlugin
LogPluginManager: Mounting plugin VisualStudioCodeSourceCodeAccess
LogPluginManager: Mounting plugin VisualStudioSourceCodeAccess
LogPluginManager: Mounting plugin XCodeSourceCodeAccess
LogPluginManager: Mounting plugin AssetManagerEditor
LogPluginManager: Mounting plugin CryptoKeys
LogPluginManager: Mounting plugin CurveEditorTools
LogPluginManager: Mounting plugin DataValidation
LogPluginManager: Mounting plugin FacialAnimation
LogPluginManager: Mounting plugin GameplayTagsEditor
LogPluginManager: Mounting plugin MacGraphicsSwitching
LogPluginManager: Mounting plugin MaterialAnalyzer
LogPluginManager: Mounting plugin MobileLauncherProfileWizard
LogPluginManager: Mounting plugin PluginBrowser
LogPluginManager: Mounting plugin SpeedTreeImporter
LogPluginManager: Mounting plugin DatasmithContent
LogPluginManager: Mounting plugin VariantManagerContent
LogPluginManager: Mounting plugin AlembicImporter
LogPluginManager: Mounting plugin AutomationUtils
LogPluginManager: Mounting plugin BackChannel
LogPluginManager: Mounting plugin CharacterAI
LogPluginManager: Mounting plugin GeometryCache
LogPluginManager: Mounting plugin HTML5Networking
LogPluginManager: Mounting plugin PlatformCrypto
LogPluginManager: Mounting plugin ProxyLODPlugin
LogPluginManager: Mounting plugin SkeletalReduction
LogPluginManager: Mounting plugin MagicLeap
LogPluginManager: Mounting plugin MagicLeapMedia
LogPluginManager: Mounting plugin AndroidMedia
LogPluginManager: Mounting plugin AvfMedia
LogPluginManager: Mounting plugin ImgMedia
LogPluginManager: Mounting plugin MediaCompositing
LogPluginManager: Mounting plugin MediaPlayerEditor
LogPluginManager: Mounting plugin WebMMedia
LogPluginManager: Mounting plugin WmfMedia
LogPluginManager: Mounting plugin TcpMessaging
LogPluginManager: Mounting plugin UdpMessaging
LogPluginManager: Mounting plugin ActorSequence
LogPluginManager: Mounting plugin LevelSequenceEditor
LogPluginManager: Mounting plugin MatineeToLevelSequence
LogPluginManager: Mounting plugin NetcodeUnitTest
LogPluginManager: Mounting plugin NUTUnrealEngine4
LogPluginManager: Mounting plugin OnlineSubsystemGooglePlay
LogPluginManager: Mounting plugin OnlineSubsystemIOS
LogPluginManager: Mounting plugin OnlineSubsystem
LogPluginManager: Mounting plugin OnlineSubsystemNull
LogPluginManager: Mounting plugin OnlineSubsystemUtils
LogPluginManager: Mounting plugin LauncherChunkInstaller
LogPluginManager: Mounting plugin AndroidDeviceProfileSelector
LogPluginManager: Mounting plugin AndroidMoviePlayer
LogPluginManager: Mounting plugin AndroidPermission
LogPluginManager: Mounting plugin AppleImageUtils
LogPluginManager: Mounting plugin AppleMoviePlayer
LogPluginManager: Mounting plugin ArchVisCharacter
LogPluginManager: Mounting plugin AudioCapture
LogPluginManager: Mounting plugin CableComponent
LogPluginManager: Mounting plugin CustomMeshComponent
LogPluginManager: Mounting plugin EditableMesh
LogPluginManager: Mounting plugin ExampleDeviceProfileSelector
LogPluginManager: Mounting plugin GoogleCloudMessaging
LogPluginManager: Mounting plugin IOSDeviceProfileSelector
LogPluginManager: Mounting plugin LinuxDeviceProfileSelector
LogPluginManager: Mounting plugin LocationServicesBPLibrary
LogPluginManager: Mounting plugin MobilePatchingUtils
LogPluginManager: Mounting plugin OculusVR
LogPluginManager: Mounting plugin PhysXVehicles
LogPluginManager: Mounting plugin ProceduralMeshComponent
LogPluginManager: Mounting plugin RuntimePhysXCooking
LogPluginManager: Mounting plugin SignificanceManager
LogPluginManager: Mounting plugin SteamVR
LogPluginManager: Mounting plugin WebMMoviePlayer
LogPluginManager: Mounting plugin WindowsMoviePlayer
LogPluginManager: Mounting plugin ScreenshotTools
LogInit: Warning: Incompatible or missing module: FPSGame
Running C:/Program Files/Epic Games/UE_4.23/Engine/Binaries/DotNET/UnrealBuildTool.exe Development Win64 -Project="C:/Users/ADMIN/Documents/GitHub/theshwetapatil/Stealth-Game-UE4/Stealth Game/FPSGame.uproject" -TargetType=Editor -Progress -NoHotReloadFromIDE
Using 'git status' to determine working set for adaptive non-unity build (C:\Users\ADMIN\Documents\GitHub\theshwetapatil\Stealth-Game-UE4).
Creating makefile for FPSGameEditor (no existing makefile)
@progress push 5%
Parsing headers for FPSGameEditor
  Running UnrealHeaderTool "C:\Users\ADMIN\Documents\GitHub\theshwetapatil\Stealth-Game-UE4\Stealth Game\FPSGame.uproject" "C:\Users\ADMIN\Documents\GitHub\theshwetapatil\Stealth-Game-UE4\Stealth Game\Intermediate\Build\Win64\FPSGameEditor\Development\FPSGameEditor.uhtmanifest" -LogCmds="loginit warning, logexit warning, logdatabase error" -Unattended -WarningsAsErrors -installed
Reflection code generated for FPSGameEditor in 7.1603709 seconds
@progress pop
Using Visual Studio 2019 14.24.28314 toolchain (C:\Program Files (x86)\Microsoft Visual Studio\2019\Community\VC\Tools\MSVC\14.24.28314) and Windows 10.0.18362.0 SDK (C:\Program Files (x86)\Windows Kits\10).
Building 15 actions with 8 processes...
  @progress 'Compiling C++ source code...' 0%
  @progress 'Compiling C++ source code...' 7%
  [1/15] Default.rc2
  @progress 'Compiling C++ source code...' 13%
  [2/15] SharedPCH.Engine.cpp
  @progress 'Compiling C++ source code...' 20%
  [3/15] FPSGame.cpp
  @progress 'Compiling C++ source code...' 27%
  [4/15] FPSGame.init.gen.cpp
  @progress 'Compiling C++ source code...' 33%
  [5/15] FPSHUD.gen.cpp
  @progress 'Compiling C++ source code...' 40%
  [6/15] FPSProjectile.cpp
  @progress 'Compiling C++ source code...' 47%
  [7/15] FPSGameMode.gen.cpp
  @progress 'Compiling C++ source code...' 53%
  [8/15] FPSCharacter.gen.cpp
  @progress 'Compiling C++ source code...' 60%
  [9/15] FPSHUD.cpp
  @progress 'Compiling C++ source code...' 67%
  [10/15] FPSGameMode.cpp
  @progress 'Compiling C++ source code...' 73%
  [11/15] FPSProjectile.gen.cpp
  @progress 'Compiling C++ source code...' 80%
  [12/15] FPSCharacter.cpp
  @progress 'Compiling C++ source code...' 87%
  [13/15] UE4Editor-FPSGame.lib
     Creating library C:\Users\ADMIN\Documents\GitHub\theshwetapatil\Stealth-Game-UE4\Stealth Game\Intermediate\Build\Win64\UE4Editor\Development\FPSGame\UE4Editor-FPSGame.lib and object C:\Users\ADMIN\Documents\GitHub\theshwetapatil\Stealth-Game-UE4\Stealth Game\Intermediate\Build\Win64\UE4Editor\Development\FPSGame\UE4Editor-FPSGame.exp
  @progress 'Compiling C++ source code...' 93%
  [14/15] UE4Editor-FPSGame.dll
     Creating library C:\Users\ADMIN\Documents\GitHub\theshwetapatil\Stealth-Game-UE4\Stealth Game\Intermediate\Build\Win64\UE4Editor\Development\FPSGame\UE4Editor-FPSGame.suppressed.lib and object C:\Users\ADMIN\Documents\GitHub\theshwetapatil\Stealth-Game-UE4\Stealth Game\Intermediate\Build\Win64\UE4Editor\Development\FPSGame\UE4Editor-FPSGame.suppressed.exp
  @progress 'Compiling C++ source code...' 100%
  [15/15] FPSGameEditor.target
Total time in Parallel executor: 32.29 seconds
Total execution time: 44.50 seconds
LogInit: Using libcurl 7.55.1-DEV
LogInit:  - built for x86_64-pc-win32
LogInit:  - supports SSL with OpenSSL/1.1.1
LogInit:  - supports HTTP deflate (compression) using libz 1.2.8
LogInit:  - other features:
LogInit:      CURL_VERSION_SSL
LogInit:      CURL_VERSION_LIBZ
LogInit:      CURL_VERSION_IPV6
LogInit:      CURL_VERSION_ASYNCHDNS
LogInit:      CURL_VERSION_LARGEFILE
LogInit:      CURL_VERSION_IDN
LogInit:  CurlRequestOptions (configurable via config and command line):
LogInit:  - bVerifyPeer = true  - Libcurl will verify peer certificate
LogInit:  - bUseHttpProxy = false  - Libcurl will NOT use HTTP proxy
LogInit:  - bDontReuseConnections = false  - Libcurl will reuse connections
LogInit:  - MaxHostConnections = 16  - Libcurl will limit the number of connections to a host
LogInit:  - LocalHostAddr = Default
LogInit:  - BufferSize = 65536
LogOnline: OSS: Creating online subsystem instance for: NULL
LogInit: WinSock: version 1.1 (2.2), MaxSocks=32767, MaxUdp=65467
LogInit: Build: ++UE4+Release-4.23-CL-9631420
LogInit: Engine Version: 4.23.1-9631420+++UE4+Release-4.23
LogInit: Compatible Engine Version: 4.23.0-8386587+++UE4+Release-4.23
LogInit: Net CL: 8386587
LogInit: OS: Windows 10 (Release 1903) (), CPU: AMD Ryzen 5 2400G with Radeon Vega Graphics    , GPU: NVIDIA GeForce GTX 1050 Ti
LogInit: Compiled (64-bit): Oct 18 2019 02:07:44
LogInit: Compiled with Visual C++: 19.16.27030.01
LogInit: Build Configuration: Development
LogInit: Branch Name: ++UE4+Release-4.23
LogInit: Command Line: 
LogInit: Base Directory: C:/Program Files/Epic Games/UE_4.23/Engine/Binaries/Win64/
LogInit: Installed Engine Build: 1
LogDevObjectVersion: Number of dev versions registered: 23
LogDevObjectVersion:   Dev-Blueprints (B0D832E4-1F89-4F0D-ACCF-7EB736FD4AA2): 10
LogDevObjectVersion:   Dev-Build (E1C64328-A22C-4D53-A36C-8E866417BD8C): 0
LogDevObjectVersion:   Dev-Core (375EC13C-06E4-48FB-B500-84F0262A717E): 3
LogDevObjectVersion:   Dev-Editor (E4B068ED-F494-42E9-A231-DA0B2E46BB41): 34
LogDevObjectVersion:   Dev-Framework (CFFC743F-43B0-4480-9391-14DF171D2073): 35
LogDevObjectVersion:   Dev-Mobile (B02B49B5-BB20-44E9-A304-32B752E40360): 2
LogDevObjectVersion:   Dev-Networking (A4E4105C-59A1-49B5-A7C5-40C4547EDFEE): 0
LogDevObjectVersion:   Dev-Online (39C831C9-5AE6-47DC-9A44-9C173E1C8E7C): 0
LogDevObjectVersion:   Dev-Physics (78F01B33-EBEA-4F98-B9B4-84EACCB95AA2): 0
LogDevObjectVersion:   Dev-Platform (6631380F-2D4D-43E0-8009-CF276956A95A): 0
LogDevObjectVersion:   Dev-Rendering (12F88B9F-8875-4AFC-A67C-D90C383ABD29): 31
LogDevObjectVersion:   Dev-Sequencer (7B5AE74C-D270-4C10-A958-57980B212A5A): 11
LogDevObjectVersion:   Dev-VR (D7296918-1DD6-4BDD-9DE2-64A83CC13884): 2
LogDevObjectVersion:   Dev-LoadTimes (C2A15278-BFE7-4AFE-6C17-90FF531DF755): 1
LogDevObjectVersion:   Private-Geometry (6EACA3D4-40EC-4CC1-B786-8BED09428FC5): 3
LogDevObjectVersion:   Dev-AnimPhys (29E575DD-E0A3-4627-9D10-D276232CDCEA): 17
LogDevObjectVersion:   Dev-Anim (AF43A65D-7FD3-4947-9873-3E8ED9C1BB05): 2
LogDevObjectVersion:   Dev-ReflectionCapture (6B266CEC-1EC7-4B8F-A30B-E4D90942FC07): 1
LogDevObjectVersion:   Dev-Automation (0DF73D61-A23F-47EA-B727-89E90C41499A): 1
LogDevObjectVersion:   FortniteMain (601D1886-AC64-4F84-AA16-D3DE0DEAC7D6): 27
LogDevObjectVersion:   Dev-Enterprise (9DFFBCD6-494F-0158-E221-12823C92A888): 6
LogDevObjectVersion:   Dev-Niagara (F2AED0AC-9AFE-416F-8664-AA7FFA26D6FC): 1
LogDevObjectVersion:   Dev-Destruction (174F1F0B-B4C6-45A5-B13F-2EE8D0FB917D): 9
LogInit: Presizing for max 16777216 objects, including 0 objects not considered by GC, pre-allocating 0 bytes for permanent pool.
LogInit: Object subsystem initialized
LogConfig: Setting CVar [[con.DebugEarlyDefault:1]]
LogConfig: Setting CVar [[r.setres:1280x720]]
[2020.08.15-04.58.31:288][  0]LogConfig: Setting CVar [[r.VSync:0]]
[2020.08.15-04.58.31:288][  0]LogConfig: Setting CVar [[r.RHICmdBypass:0]]
[2020.08.15-04.58.31:289][  0]LogConfig: Applying CVar settings from Section [/Script/Engine.RendererSettings] File [C:/Users/ADMIN/Documents/GitHub/theshwetapatil/Stealth-Game-UE4/Stealth Game/Saved/Config/Windows/Engine.ini]
[2020.08.15-04.58.31:289][  0]LogConfig: Setting CVar [[r.GPUCrashDebugging:0]]
[2020.08.15-04.58.31:289][  0]LogConfig: Applying CVar settings from Section [/Script/Engine.RendererOverrideSettings] File [C:/Users/ADMIN/Documents/GitHub/theshwetapatil/Stealth-Game-UE4/Stealth Game/Saved/Config/Windows/Engine.ini]
[2020.08.15-04.58.31:289][  0]LogConfig: Applying CVar settings from Section [/Script/Engine.StreamingSettings] File [C:/Users/ADMIN/Documents/GitHub/theshwetapatil/Stealth-Game-UE4/Stealth Game/Saved/Config/Windows/Engine.ini]
[2020.08.15-04.58.31:289][  0]LogConfig: Setting CVar [[s.MinBulkDataSizeForAsyncLoading:131072]]
[2020.08.15-04.58.31:289][  0]LogConfig: Setting CVar [[s.AsyncLoadingThreadEnabled:0]]
[2020.08.15-04.58.31:289][  0]LogConfig: Setting CVar [[s.EventDrivenLoaderEnabled:1]]
[2020.08.15-04.58.31:289][  0]LogConfig: Setting CVar [[s.WarnIfTimeLimitExceeded:0]]
[2020.08.15-04.58.31:289][  0]LogConfig: Setting CVar [[s.TimeLimitExceededMultiplier:1.5]]
[2020.08.15-04.58.31:289][  0]LogConfig: Setting CVar [[s.TimeLimitExceededMinTime:0.005]]
[2020.08.15-04.58.31:289][  0]LogConfig: Setting CVar [[s.UseBackgroundLevelStreaming:1]]
[2020.08.15-04.58.31:289][  0]LogConfig: Setting CVar [[s.PriorityAsyncLoadingExtraTime:15.0]]
[2020.08.15-04.58.31:289][  0]LogConfig: Setting CVar [[s.LevelStreamingActorsUpdateTimeLimit:5.0]]
[2020.08.15-04.58.31:289][  0]LogConfig: Setting CVar [[s.PriorityLevelStreamingActorsUpdateExtraTime:5.0]]
[2020.08.15-04.58.31:289][  0]LogConfig: Setting CVar [[s.LevelStreamingComponentsRegistrationGranularity:10]]
[2020.08.15-04.58.31:289][  0]LogConfig: Setting CVar [[s.UnregisterComponentsTimeLimit:1.0]]
[2020.08.15-04.58.31:289][  0]LogConfig: Setting CVar [[s.LevelStreamingComponentsUnregistrationGranularity:5]]
[2020.08.15-04.58.31:289][  0]LogConfig: Applying CVar settings from Section [/Script/Engine.GarbageCollectionSettings] File [C:/Users/ADMIN/Documents/GitHub/theshwetapatil/Stealth-Game-UE4/Stealth Game/Saved/Config/Windows/Engine.ini]
[2020.08.15-04.58.31:289][  0]LogConfig: Setting CVar [[gc.MaxObjectsNotConsideredByGC:1]]
[2020.08.15-04.58.31:289][  0]LogConfig: Setting CVar [[gc.SizeOfPermanentObjectPool:0]]
[2020.08.15-04.58.31:289][  0]LogConfig: Setting CVar [[gc.FlushStreamingOnGC:0]]
[2020.08.15-04.58.31:289][  0]LogConfig: Setting CVar [[gc.NumRetriesBeforeForcingGC:10]]
[2020.08.15-04.58.31:289][  0]LogConfig: Setting CVar [[gc.AllowParallelGC:1]]
[2020.08.15-04.58.31:289][  0]LogConfig: Setting CVar [[gc.TimeBetweenPurgingPendingKillObjects:61.1]]
[2020.08.15-04.58.31:289][  0]LogConfig: Setting CVar [[gc.MaxObjectsInEditor:16777216]]
[2020.08.15-04.58.31:289][  0]LogConfig: Setting CVar [[gc.IncrementalBeginDestroyEnabled:1]]
[2020.08.15-04.58.31:289][  0]LogConfig: Setting CVar [[gc.CreateGCClusters:1]]
[2020.08.15-04.58.31:289][  0]LogConfig: Setting CVar [[gc.MinGCClusterSize:5]]
[2020.08.15-04.58.31:290][  0]LogConfig: Setting CVar [[gc.ActorClusteringEnabled:0]]
[2020.08.15-04.58.31:290][  0]LogConfig: Setting CVar [[gc.BlueprintClusteringEnabled:0]]
[2020.08.15-04.58.31:290][  0]LogConfig: Setting CVar [[gc.UseDisregardForGCOnDedicatedServers:0]]
[2020.08.15-04.58.31:290][  0]LogConfig: Applying CVar settings from Section [/Script/Engine.NetworkSettings] File [C:/Users/ADMIN/Documents/GitHub/theshwetapatil/Stealth-Game-UE4/Stealth Game/Saved/Config/Windows/Engine.ini]
[2020.08.15-04.58.31:290][  0]LogConfig: Applying CVar settings from Section [/Script/UnrealEd.CookerSettings] File [C:/Users/ADMIN/Documents/GitHub/theshwetapatil/Stealth-Game-UE4/Stealth Game/Saved/Config/Windows/Engine.ini]
[2020.08.15-04.58.31:301][  0]LogConfig: Applying CVar settings from Section [ViewDistanceQuality@3] File [C:/Users/ADMIN/Documents/GitHub/theshwetapatil/Stealth-Game-UE4/Stealth Game/Saved/Config/Windows/Scalability.ini]
[2020.08.15-04.58.31:301][  0]LogConfig: Setting CVar [[r.SkeletalMeshLODBias:0]]
[2020.08.15-04.58.31:301][  0]LogConfig: Setting CVar [[r.ViewDistanceScale:1.0]]
[2020.08.15-04.58.31:301][  0]LogConfig: Applying CVar settings from Section [AntiAliasingQuality@3] File [C:/Users/ADMIN/Documents/GitHub/theshwetapatil/Stealth-Game-UE4/Stealth Game/Saved/Config/Windows/Scalability.ini]
[2020.08.15-04.58.31:301][  0]LogConfig: Setting CVar [[r.PostProcessAAQuality:4]]
[2020.08.15-04.58.31:301][  0]LogConfig: Applying CVar settings from Section [ShadowQuality@3] File [C:/Users/ADMIN/Documents/GitHub/theshwetapatil/Stealth-Game-UE4/Stealth Game/Saved/Config/Windows/Scalability.ini]
[2020.08.15-04.58.31:301][  0]LogConfig: Setting CVar [[r.LightFunctionQuality:1]]
[2020.08.15-04.58.31:301][  0]LogConfig: Setting CVar [[r.ShadowQuality:5]]
[2020.08.15-04.58.31:301][  0]LogConfig: Setting CVar [[r.Shadow.CSM.MaxCascades:10]]
[2020.08.15-04.58.31:301][  0]LogConfig: Setting CVar [[r.Shadow.MaxResolution:2048]]
[2020.08.15-04.58.31:301][  0]LogConfig: Setting CVar [[r.Shadow.MaxCSMResolution:2048]]
[2020.08.15-04.58.31:301][  0]LogConfig: Setting CVar [[r.Shadow.RadiusThreshold:0.01]]
[2020.08.15-04.58.31:301][  0]LogConfig: Setting CVar [[r.Shadow.DistanceScale:1.0]]
[2020.08.15-04.58.31:301][  0]LogConfig: Setting CVar [[r.Shadow.CSM.TransitionScale:1.0]]
[2020.08.15-04.58.31:301][  0]LogConfig: Setting CVar [[r.Shadow.PreShadowResolutionFactor:1.0]]
[2020.08.15-04.58.31:301][  0]LogConfig: Setting CVar [[r.DistanceFieldShadowing:1]]
[2020.08.15-04.58.31:301][  0]LogConfig: Setting CVar [[r.DistanceFieldAO:1]]
[2020.08.15-04.58.31:301][  0]LogConfig: Setting CVar [[r.AOQuality:2]]
[2020.08.15-04.58.31:301][  0]LogConfig: Setting CVar [[r.VolumetricFog:1]]
[2020.08.15-04.58.31:301][  0]LogConfig: Setting CVar [[r.VolumetricFog.GridPixelSize:8]]
[2020.08.15-04.58.31:301][  0]LogConfig: Setting CVar [[r.VolumetricFog.GridSizeZ:128]]
[2020.08.15-04.58.31:301][  0]LogConfig: Setting CVar [[r.VolumetricFog.HistoryMissSupersampleCount:4]]
[2020.08.15-04.58.31:301][  0]LogConfig: Setting CVar [[r.LightMaxDrawDistanceScale:1]]
[2020.08.15-04.58.31:301][  0]LogConfig: Setting CVar [[r.CapsuleShadows:1]]
[2020.08.15-04.58.31:301][  0]LogConfig: Applying CVar settings from Section [PostProcessQuality@3] File [C:/Users/ADMIN/Documents/GitHub/theshwetapatil/Stealth-Game-UE4/Stealth Game/Saved/Config/Windows/Scalability.ini]
[2020.08.15-04.58.31:301][  0]LogConfig: Setting CVar [[r.MotionBlurQuality:4]]
[2020.08.15-04.58.31:301][  0]LogConfig: Setting CVar [[r.AmbientOcclusionMipLevelFactor:0.4]]
[2020.08.15-04.58.31:301][  0]LogConfig: Setting CVar [[r.AmbientOcclusionMaxQuality:100]]
[2020.08.15-04.58.31:301][  0]LogConfig: Setting CVar [[r.AmbientOcclusionLevels:-1]]
[2020.08.15-04.58.31:302][  0]LogConfig: Setting CVar [[r.AmbientOcclusionRadiusScale:1.0]]
[2020.08.15-04.58.31:302][  0]LogConfig: Setting CVar [[r.DepthOfFieldQuality:2]]
[2020.08.15-04.58.31:302][  0]LogConfig: Setting CVar [[r.RenderTargetPoolMin:400]]
[2020.08.15-04.58.31:302][  0]LogConfig: Setting CVar [[r.LensFlareQuality:2]]
[2020.08.15-04.58.31:302][  0]LogConfig: Setting CVar [[r.SceneColorFringeQuality:1]]
[2020.08.15-04.58.31:302][  0]LogConfig: Setting CVar [[r.EyeAdaptationQuality:2]]
[2020.08.15-04.58.31:302][  0]LogConfig: Setting CVar [[r.BloomQuality:5]]
[2020.08.15-04.58.31:302][  0]LogConfig: Setting CVar [[r.FastBlurThreshold:100]]
[2020.08.15-04.58.31:302][  0]LogConfig: Setting CVar [[r.Upscale.Quality:3]]
[2020.08.15-04.58.31:302][  0]LogConfig: Setting CVar [[r.Tonemapper.GrainQuantization:1]]
[2020.08.15-04.58.31:302][  0]LogConfig: Setting CVar [[r.LightShaftQuality:1]]
[2020.08.15-04.58.31:302][  0]LogConfig: Setting CVar [[r.Filter.SizeScale:1]]
[2020.08.15-04.58.31:302][  0]LogConfig: Setting CVar [[r.Tonemapper.Quality:5]]
[2020.08.15-04.58.31:302][  0]LogConfig: Setting CVar [[r.DOF.Gather.AccumulatorQuality:1        ; higher gathering accumulator quality]]
[2020.08.15-04.58.31:302][  0]LogConfig: Setting CVar [[r.DOF.Gather.PostfilterMethod:1          ; Median3x3 postfilering method]]
[2020.08.15-04.58.31:302][  0]LogConfig: Setting CVar [[r.DOF.Gather.EnableBokehSettings:0       ; no bokeh simulation when gathering]]
[2020.08.15-04.58.31:302][  0]LogConfig: Setting CVar [[r.DOF.Gather.RingCount:4                 ; medium number of samples when gathering]]
[2020.08.15-04.58.31:302][  0]LogConfig: Setting CVar [[r.DOF.Scatter.ForegroundCompositing:1    ; additive foreground scattering]]
[2020.08.15-04.58.31:302][  0]LogConfig: Setting CVar [[r.DOF.Scatter.BackgroundCompositing:2    ; additive background scattering]]
[2020.08.15-04.58.31:302][  0]LogConfig: Setting CVar [[r.DOF.Scatter.EnableBokehSettings:1      ; bokeh simulation when scattering]]
[2020.08.15-04.58.31:302][  0]LogConfig: Setting CVar [[r.DOF.Scatter.MaxSpriteRatio:0.1         ; only a maximum of 10% of scattered bokeh]]
[2020.08.15-04.58.31:302][  0]LogConfig: Setting CVar [[r.DOF.Recombine.Quality:1                ; cheap slight out of focus]]
[2020.08.15-04.58.31:302][  0]LogConfig: Setting CVar [[r.DOF.Recombine.EnableBokehSettings:0    ; no bokeh simulation on slight out of focus]]
[2020.08.15-04.58.31:302][  0]LogConfig: Setting CVar [[r.DOF.TemporalAAQuality:1                ; more stable temporal accumulation]]
[2020.08.15-04.58.31:302][  0]LogConfig: Setting CVar [[r.DOF.Kernel.MaxForegroundRadius:0.025]]
[2020.08.15-04.58.31:302][  0]LogConfig: Setting CVar [[r.DOF.Kernel.MaxBackgroundRadius:0.025]]
[2020.08.15-04.58.31:302][  0]LogConfig: Applying CVar settings from Section [TextureQuality@3] File [C:/Users/ADMIN/Documents/GitHub/theshwetapatil/Stealth-Game-UE4/Stealth Game/Saved/Config/Windows/Scalability.ini]
[2020.08.15-04.58.31:302][  0]LogConfig: Setting CVar [[r.Streaming.MipBias:0]]
[2020.08.15-04.58.31:302][  0]LogConfig: Setting CVar [[r.Streaming.AmortizeCPUToGPUCopy:0]]
[2020.08.15-04.58.31:302][  0]LogConfig: Setting CVar [[r.Streaming.MaxNumTexturesToStreamPerFrame:0]]
[2020.08.15-04.58.31:302][  0]LogConfig: Setting CVar [[r.Streaming.Boost:1]]
[2020.08.15-04.58.31:302][  0]LogConfig: Setting CVar [[r.MaxAnisotropy:8]]
[2020.08.15-04.58.31:302][  0]LogConfig: Setting CVar [[r.Streaming.LimitPoolSizeToVRAM:0]]
[2020.08.15-04.58.31:302][  0]LogConfig: Setting CVar [[r.Streaming.PoolSize:1000]]
[2020.08.15-04.58.31:302][  0]LogConfig: Setting CVar [[r.Streaming.MaxEffectiveScreenSize:0]]
[2020.08.15-04.58.31:302][  0]LogConfig: Applying CVar settings from Section [EffectsQuality@3] File [C:/Users/ADMIN/Documents/GitHub/theshwetapatil/Stealth-Game-UE4/Stealth Game/Saved/Config/Windows/Scalability.ini]
[2020.08.15-04.58.31:302][  0]LogConfig: Setting CVar [[r.TranslucencyLightingVolumeDim:64]]
[2020.08.15-04.58.31:302][  0]LogConfig: Setting CVar [[r.RefractionQuality:2]]
[2020.08.15-04.58.31:302][  0]LogConfig: Setting CVar [[r.SSR.Quality:3]]
[2020.08.15-04.58.31:302][  0]LogConfig: Setting CVar [[r.SceneColorFormat:4]]
[2020.08.15-04.58.31:302][  0]LogConfig: Setting CVar [[r.DetailMode:2]]
[2020.08.15-04.58.31:302][  0]LogConfig: Setting CVar [[r.TranslucencyVolumeBlur:1]]
[2020.08.15-04.58.31:303][  0]LogConfig: Setting CVar [[r.MaterialQualityLevel:1 ; High quality]]
[2020.08.15-04.58.31:303][  0]LogConfig: Setting CVar [[r.SSS.Scale:1]]
[2020.08.15-04.58.31:303][  0]LogConfig: Setting CVar [[r.SSS.SampleSet:2]]
[2020.08.15-04.58.31:303][  0]LogConfig: Setting CVar [[r.SSS.Quality:1]]
[2020.08.15-04.58.31:303][  0]LogConfig: Setting CVar [[r.SSS.HalfRes:1]]
[2020.08.15-04.58.31:303][  0]LogConfig: Setting CVar [[r.EmitterSpawnRateScale:1.0]]
[2020.08.15-04.58.31:303][  0]LogConfig: Setting CVar [[r.ParticleLightQuality:2]]
[2020.08.15-04.58.31:303][  0]LogConfig: Applying CVar settings from Section [FoliageQuality@3] File [C:/Users/ADMIN/Documents/GitHub/theshwetapatil/Stealth-Game-UE4/Stealth Game/Saved/Config/Windows/Scalability.ini]
[2020.08.15-04.58.31:303][  0]LogConfig: Setting CVar [[foliage.DensityScale:1.0]]
[2020.08.15-04.58.31:303][  0]LogConfig: Setting CVar [[grass.DensityScale:1.0]]
[2020.08.15-04.58.31:304][  0]LogInit: Selected Device Profile: [Windows]
[2020.08.15-04.58.31:305][  0]LogInit: Applying CVar settings loaded from the selected device profile: [Windows]
[2020.08.15-04.58.31:313][  0]LogHAL: Display: Platform has ~ 16 GB [17125855232 / 17179869184 / 16], which maps to Larger [LargestMinGB=32, LargerMinGB=12, DefaultMinGB=8, SmallerMinGB=6, SmallestMinGB=0)
[2020.08.15-04.58.31:313][  0]LogInit: Going up to parent DeviceProfile []
[2020.08.15-04.58.31:313][  0]LogConfig: Applying CVar settings from Section [ViewDistanceQuality@3] File [C:/Users/ADMIN/Documents/GitHub/theshwetapatil/Stealth-Game-UE4/Stealth Game/Saved/Config/Windows/Scalability.ini]
[2020.08.15-04.58.31:313][  0]LogConfig: Setting CVar [[r.SkeletalMeshLODBias:0]]
[2020.08.15-04.58.31:313][  0]LogConfig: Setting CVar [[r.ViewDistanceScale:1.0]]
[2020.08.15-04.58.31:313][  0]LogConfig: Applying CVar settings from Section [AntiAliasingQuality@3] File [C:/Users/ADMIN/Documents/GitHub/theshwetapatil/Stealth-Game-UE4/Stealth Game/Saved/Config/Windows/Scalability.ini]
[2020.08.15-04.58.31:314][  0]LogConfig: Setting CVar [[r.PostProcessAAQuality:4]]
[2020.08.15-04.58.31:314][  0]LogConfig: Applying CVar settings from Section [ShadowQuality@3] File [C:/Users/ADMIN/Documents/GitHub/theshwetapatil/Stealth-Game-UE4/Stealth Game/Saved/Config/Windows/Scalability.ini]
[2020.08.15-04.58.31:314][  0]LogConfig: Setting CVar [[r.LightFunctionQuality:1]]
[2020.08.15-04.58.31:314][  0]LogConfig: Setting CVar [[r.ShadowQuality:5]]
[2020.08.15-04.58.31:314][  0]LogConfig: Setting CVar [[r.Shadow.CSM.MaxCascades:10]]
[2020.08.15-04.58.31:314][  0]LogConfig: Setting CVar [[r.Shadow.MaxResolution:2048]]
[2020.08.15-04.58.31:314][  0]LogConfig: Setting CVar [[r.Shadow.MaxCSMResolution:2048]]
[2020.08.15-04.58.31:314][  0]LogConfig: Setting CVar [[r.Shadow.RadiusThreshold:0.01]]
[2020.08.15-04.58.31:314][  0]LogConfig: Setting CVar [[r.Shadow.DistanceScale:1.0]]
[2020.08.15-04.58.31:314][  0]LogConfig: Setting CVar [[r.Shadow.CSM.TransitionScale:1.0]]
[2020.08.15-04.58.31:314][  0]LogConfig: Setting CVar [[r.Shadow.PreShadowResolutionFactor:1.0]]
[2020.08.15-04.58.31:314][  0]LogConfig: Setting CVar [[r.DistanceFieldShadowing:1]]
[2020.08.15-04.58.31:314][  0]LogConfig: Setting CVar [[r.DistanceFieldAO:1]]
[2020.08.15-04.58.31:314][  0]LogConfig: Setting CVar [[r.AOQuality:2]]
[2020.08.15-04.58.31:314][  0]LogConfig: Setting CVar [[r.VolumetricFog:1]]
[2020.08.15-04.58.31:314][  0]LogConfig: Setting CVar [[r.VolumetricFog.GridPixelSize:8]]
[2020.08.15-04.58.31:314][  0]LogConfig: Setting CVar [[r.VolumetricFog.GridSizeZ:128]]
[2020.08.15-04.58.31:314][  0]LogConfig: Setting CVar [[r.VolumetricFog.HistoryMissSupersampleCount:4]]
[2020.08.15-04.58.31:314][  0]LogConfig: Setting CVar [[r.LightMaxDrawDistanceScale:1]]
[2020.08.15-04.58.31:314][  0]LogConfig: Setting CVar [[r.CapsuleShadows:1]]
[2020.08.15-04.58.31:314][  0]LogConfig: Applying CVar settings from Section [PostProcessQuality@3] File [C:/Users/ADMIN/Documents/GitHub/theshwetapatil/Stealth-Game-UE4/Stealth Game/Saved/Config/Windows/Scalability.ini]
[2020.08.15-04.58.31:314][  0]LogConfig: Setting CVar [[r.MotionBlurQuality:4]]
[2020.08.15-04.58.31:314][  0]LogConfig: Setting CVar [[r.AmbientOcclusionMipLevelFactor:0.4]]
[2020.08.15-04.58.31:314][  0]LogConfig: Setting CVar [[r.AmbientOcclusionMaxQuality:100]]
[2020.08.15-04.58.31:314][  0]LogConfig: Setting CVar [[r.AmbientOcclusionLevels:-1]]
[2020.08.15-04.58.31:314][  0]LogConfig: Setting CVar [[r.AmbientOcclusionRadiusScale:1.0]]
[2020.08.15-04.58.31:314][  0]LogConfig: Setting CVar [[r.DepthOfFieldQuality:2]]
[2020.08.15-04.58.31:314][  0]LogConfig: Setting CVar [[r.RenderTargetPoolMin:400]]
[2020.08.15-04.58.31:314][  0]LogConfig: Setting CVar [[r.LensFlareQuality:2]]
[2020.08.15-04.58.31:314][  0]LogConfig: Setting CVar [[r.SceneColorFringeQuality:1]]
[2020.08.15-04.58.31:314][  0]LogConfig: Setting CVar [[r.EyeAdaptationQuality:2]]
[2020.08.15-04.58.31:314][  0]LogConfig: Setting CVar [[r.BloomQuality:5]]
[2020.08.15-04.58.31:314][  0]LogConfig: Setting CVar [[r.FastBlurThreshold:100]]
[2020.08.15-04.58.31:314][  0]LogConfig: Setting CVar [[r.Upscale.Quality:3]]
[2020.08.15-04.58.31:314][  0]LogConfig: Setting CVar [[r.Tonemapper.GrainQuantization:1]]
[2020.08.15-04.58.31:314][  0]LogConfig: Setting CVar [[r.LightShaftQuality:1]]
[2020.08.15-04.58.31:314][  0]LogConfig: Setting CVar [[r.Filter.SizeScale:1]]
[2020.08.15-04.58.31:314][  0]LogConfig: Setting CVar [[r.Tonemapper.Quality:5]]
[2020.08.15-04.58.31:314][  0]LogConfig: Setting CVar [[r.DOF.Gather.AccumulatorQuality:1        ; higher gathering accumulator quality]]
[2020.08.15-04.58.31:314][  0]LogConfig: Setting CVar [[r.DOF.Gather.PostfilterMethod:1          ; Median3x3 postfilering method]]
[2020.08.15-04.58.31:314][  0]LogConfig: Setting CVar [[r.DOF.Gather.EnableBokehSettings:0       ; no bokeh simulation when gathering]]
[2020.08.15-04.58.31:314][  0]LogConfig: Setting CVar [[r.DOF.Gather.RingCount:4                 ; medium number of samples when gathering]]
[2020.08.15-04.58.31:314][  0]LogConfig: Setting CVar [[r.DOF.Scatter.ForegroundCompositing:1    ; additive foreground scattering]]
[2020.08.15-04.58.31:314][  0]LogConfig: Setting CVar [[r.DOF.Scatter.BackgroundCompositing:2    ; additive background scattering]]
[2020.08.15-04.58.31:314][  0]LogConfig: Setting CVar [[r.DOF.Scatter.EnableBokehSettings:1      ; bokeh simulation when scattering]]
[2020.08.15-04.58.31:314][  0]LogConfig: Setting CVar [[r.DOF.Scatter.MaxSpriteRatio:0.1         ; only a maximum of 10% of scattered bokeh]]
[2020.08.15-04.58.31:314][  0]LogConfig: Setting CVar [[r.DOF.Recombine.Quality:1                ; cheap slight out of focus]]
[2020.08.15-04.58.31:314][  0]LogConfig: Setting CVar [[r.DOF.Recombine.EnableBokehSettings:0    ; no bokeh simulation on slight out of focus]]
[2020.08.15-04.58.31:314][  0]LogConfig: Setting CVar [[r.DOF.TemporalAAQuality:1                ; more stable temporal accumulation]]
[2020.08.15-04.58.31:314][  0]LogConfig: Setting CVar [[r.DOF.Kernel.MaxForegroundRadius:0.025]]
[2020.08.15-04.58.31:314][  0]LogConfig: Setting CVar [[r.DOF.Kernel.MaxBackgroundRadius:0.025]]
[2020.08.15-04.58.31:314][  0]LogConfig: Applying CVar settings from Section [TextureQuality@3] File [C:/Users/ADMIN/Documents/GitHub/theshwetapatil/Stealth-Game-UE4/Stealth Game/Saved/Config/Windows/Scalability.ini]
[2020.08.15-04.58.31:314][  0]LogConfig: Setting CVar [[r.Streaming.MipBias:0]]
[2020.08.15-04.58.31:314][  0]LogConfig: Setting CVar [[r.Streaming.AmortizeCPUToGPUCopy:0]]
[2020.08.15-04.58.31:314][  0]LogConfig: Setting CVar [[r.Streaming.MaxNumTexturesToStreamPerFrame:0]]
[2020.08.15-04.58.31:314][  0]LogConfig: Setting CVar [[r.Streaming.Boost:1]]
[2020.08.15-04.58.31:314][  0]LogConfig: Setting CVar [[r.MaxAnisotropy:8]]
[2020.08.15-04.58.31:314][  0]LogConfig: Setting CVar [[r.Streaming.LimitPoolSizeToVRAM:0]]
[2020.08.15-04.58.31:314][  0]LogConfig: Setting CVar [[r.Streaming.PoolSize:1000]]
[2020.08.15-04.58.31:314][  0]LogConfig: Setting CVar [[r.Streaming.MaxEffectiveScreenSize:0]]
[2020.08.15-04.58.31:314][  0]LogConfig: Applying CVar settings from Section [EffectsQuality@3] File [C:/Users/ADMIN/Documents/GitHub/theshwetapatil/Stealth-Game-UE4/Stealth Game/Saved/Config/Windows/Scalability.ini]
[2020.08.15-04.58.31:314][  0]LogConfig: Setting CVar [[r.TranslucencyLightingVolumeDim:64]]
[2020.08.15-04.58.31:314][  0]LogConfig: Setting CVar [[r.RefractionQuality:2]]
[2020.08.15-04.58.31:314][  0]LogConfig: Setting CVar [[r.SSR.Quality:3]]
[2020.08.15-04.58.31:314][  0]LogConfig: Setting CVar [[r.SceneColorFormat:4]]
[2020.08.15-04.58.31:314][  0]LogConfig: Setting CVar [[r.DetailMode:2]]
[2020.08.15-04.58.31:314][  0]LogConfig: Setting CVar [[r.TranslucencyVolumeBlur:1]]
[2020.08.15-04.58.31:315][  0]LogConfig: Setting CVar [[r.MaterialQualityLevel:1 ; High quality]]
[2020.08.15-04.58.31:315][  0]LogConfig: Setting CVar [[r.SSS.Scale:1]]
[2020.08.15-04.58.31:315][  0]LogConfig: Setting CVar [[r.SSS.SampleSet:2]]
[2020.08.15-04.58.31:315][  0]LogConfig: Setting CVar [[r.SSS.Quality:1]]
[2020.08.15-04.58.31:315][  0]LogConfig: Setting CVar [[r.SSS.HalfRes:1]]
[2020.08.15-04.58.31:315][  0]LogConfig: Setting CVar [[r.EmitterSpawnRateScale:1.0]]
[2020.08.15-04.58.31:315][  0]LogConfig: Setting CVar [[r.ParticleLightQuality:2]]
[2020.08.15-04.58.31:315][  0]LogConfig: Applying CVar settings from Section [FoliageQuality@3] File [C:/Users/ADMIN/Documents/GitHub/theshwetapatil/Stealth-Game-UE4/Stealth Game/Saved/Config/Windows/Scalability.ini]
[2020.08.15-04.58.31:315][  0]LogConfig: Setting CVar [[foliage.DensityScale:1.0]]
[2020.08.15-04.58.31:315][  0]LogConfig: Setting CVar [[grass.DensityScale:1.0]]
[2020.08.15-04.58.31:315][  0]LogConfig: Applying CVar settings from Section [Startup] File [../../../Engine/Config/ConsoleVariables.ini]
[2020.08.15-04.58.31:315][  0]LogConfig: Setting CVar [[net.UseAdaptiveNetUpdateFrequency:0]]
[2020.08.15-04.58.31:315][  0]LogConfig: Setting CVar [[p.chaos.AllowCreatePhysxBodies:1]]
[2020.08.15-04.58.31:315][  0]LogConfig: Applying CVar settings from Section [ConsoleVariables] File [C:/Users/ADMIN/Documents/GitHub/theshwetapatil/Stealth-Game-UE4/Stealth Game/Saved/Config/Windows/Engine.ini]
[2020.08.15-04.58.31:317][  0]LogInit: Computer: DESKTOP-C697CL8
[2020.08.15-04.58.31:317][  0]LogInit: User: ADMIN
[2020.08.15-04.58.31:317][  0]LogInit: CPU Page size=4096, Cores=4
[2020.08.15-04.58.31:317][  0]LogInit: High frequency timer resolution =10.000000 MHz
[2020.08.15-04.58.31:317][  0]LogMemory: Memory total: Physical=15.9GB (16GB approx)
[2020.08.15-04.58.31:317][  0]LogMemory: Platform Memory Stats for Windows
[2020.08.15-04.58.31:317][  0]LogMemory: Process Physical Memory: 104.29 MB used, 104.29 MB peak
[2020.08.15-04.58.31:317][  0]LogMemory: Process Virtual Memory: 89.17 MB used, 89.17 MB peak
[2020.08.15-04.58.31:317][  0]LogMemory: Physical Memory: 6657.41 MB used,  9675.07 MB free, 16332.49 MB total
[2020.08.15-04.58.31:317][  0]LogMemory: Virtual Memory: 4704.64 MB used,  134213024.00 MB free, 134217728.00 MB total
[2020.08.15-04.58.31:326][  0]LogWindows: WindowsPlatformFeatures enabled
[2020.08.15-04.58.31:567][  0]LogInit: Using OS detected language (en-US).
[2020.08.15-04.58.31:567][  0]LogInit: Using OS detected locale (en-US).
[2020.08.15-04.58.31:569][  0]LogTextLocalizationManager: No specific localization for 'en-US' exists, so the 'en' localization will be used.
[2020.08.15-04.58.32:232][  0]LogInit: Setting process to per monitor DPI aware
[2020.08.15-04.58.32:332][  0]LogSlate: New Slate User Created.  User Index 0, Is Virtual User: 0
[2020.08.15-04.58.32:332][  0]LogSlate: Slate User Registered.  User Index 0, Is Virtual User: 0
[2020.08.15-04.58.33:929][  0]LogHMD: Failed to initialize OpenVR with code 110
[2020.08.15-04.58.33:929][  0]LogD3D11RHI: D3D11 adapters:
[2020.08.15-04.58.34:048][  0]LogD3D11RHI:    0. 'NVIDIA GeForce GTX 1050 Ti' (Feature Level 11_0)
[2020.08.15-04.58.34:048][  0]LogD3D11RHI:       4018/0/8166 MB DedicatedVideo/DedicatedSystem/SharedSystem, Outputs:2, VendorId:0x10de
[2020.08.15-04.58.34:050][  0]LogD3D11RHI:    1. 'Microsoft Basic Render Driver' (Feature Level 11_0)
[2020.08.15-04.58.34:050][  0]LogD3D11RHI:       0/0/8166 MB DedicatedVideo/DedicatedSystem/SharedSystem, Outputs:0, VendorId:0x1414
[2020.08.15-04.58.34:050][  0]LogD3D11RHI: Chosen D3D11 Adapter: 0
[2020.08.15-04.58.34:063][  0]LogD3D11RHI: Creating new Direct3DDevice
[2020.08.15-04.58.34:063][  0]LogD3D11RHI:     GPU DeviceId: 0x1c82 (for the marketing name, search the web for "GPU Device Id")
[2020.08.15-04.58.34:063][  0]LogWindows: EnumDisplayDevices:
[2020.08.15-04.58.34:063][  0]LogWindows:    0. 'NVIDIA GeForce GTX 1050 Ti' (P:1 D:1)
[2020.08.15-04.58.34:063][  0]LogWindows:    1. 'NVIDIA GeForce GTX 1050 Ti' (P:0 D:1)
[2020.08.15-04.58.34:064][  0]LogWindows:    2. 'NVIDIA GeForce GTX 1050 Ti' (P:0 D:0)
[2020.08.15-04.58.34:064][  0]LogWindows:    3. 'NVIDIA GeForce GTX 1050 Ti' (P:0 D:0)
[2020.08.15-04.58.34:064][  0]LogWindows: DebugString: FoundDriverCount:4 
[2020.08.15-04.58.34:064][  0]LogD3D11RHI:     Adapter Name: NVIDIA GeForce GTX 1050 Ti
[2020.08.15-04.58.34:064][  0]LogD3D11RHI:   Driver Version: 432.00 (internal:26.21.14.3200, unified:432.00)
[2020.08.15-04.58.34:065][  0]LogD3D11RHI:      Driver Date: 7-24-2019
[2020.08.15-04.58.34:065][  0]LogRHI: Texture pool is 2812 MB (70% of 4018 MB)
[2020.08.15-04.58.34:135][  0]LogD3D11RHI: Async texture creation enabled
[2020.08.15-04.58.34:169][  0]LogD3D11RHI: GPU Timing Frequency: 1000.000000 (Debug: 2 1)
[2020.08.15-04.58.34:824][  0]LogTemp: Display: Module 'AllDesktopTargetPlatform' loaded TargetPlatform 'AllDesktop'
[2020.08.15-04.58.34:845][  0]LogTemp: Display: Module 'MacClientTargetPlatform' loaded TargetPlatform 'MacClient'
[2020.08.15-04.58.34:869][  0]LogTemp: Display: Module 'MacNoEditorTargetPlatform' loaded TargetPlatform 'MacNoEditor'
[2020.08.15-04.58.34:888][  0]LogTemp: Display: Module 'MacServerTargetPlatform' loaded TargetPlatform 'MacServer'
[2020.08.15-04.58.34:925][  0]LogTemp: Display: Module 'MacTargetPlatform' loaded TargetPlatform 'Mac'
[2020.08.15-04.58.34:958][  0]LogTemp: Display: Module 'WindowsClientTargetPlatform' loaded TargetPlatform 'WindowsClient'
[2020.08.15-04.58.34:978][  0]LogTemp: Display: Module 'WindowsNoEditorTargetPlatform' loaded TargetPlatform 'WindowsNoEditor'
[2020.08.15-04.58.34:999][  0]LogTemp: Display: Module 'WindowsServerTargetPlatform' loaded TargetPlatform 'WindowsServer'
[2020.08.15-04.58.35:015][  0]LogTemp: Display: Module 'WindowsTargetPlatform' loaded TargetPlatform 'Windows'
[2020.08.15-04.58.35:073][  0]LogTemp: Display: Module 'AndroidTargetPlatform' loaded TargetPlatform 'Android'
[2020.08.15-04.58.35:073][  0]LogTemp: Display: Module 'AndroidTargetPlatform' loaded TargetPlatform 'Android_ASTC'
[2020.08.15-04.58.35:073][  0]LogTemp: Display: Module 'AndroidTargetPlatform' loaded TargetPlatform 'Android_ATC'
[2020.08.15-04.58.35:073][  0]LogTemp: Display: Module 'AndroidTargetPlatform' loaded TargetPlatform 'Android_DXT'
[2020.08.15-04.58.35:073][  0]LogTemp: Display: Module 'AndroidTargetPlatform' loaded TargetPlatform 'Android_ETC1'
[2020.08.15-04.58.35:073][  0]LogTemp: Display: Module 'AndroidTargetPlatform' loaded TargetPlatform 'Android_ETC1a'
[2020.08.15-04.58.35:073][  0]LogTemp: Display: Module 'AndroidTargetPlatform' loaded TargetPlatform 'Android_ETC2'
[2020.08.15-04.58.35:073][  0]LogTemp: Display: Module 'AndroidTargetPlatform' loaded TargetPlatform 'Android_PVRTC'
[2020.08.15-04.58.35:073][  0]LogTemp: Display: Module 'AndroidTargetPlatform' loaded TargetPlatform 'AndroidClient'
[2020.08.15-04.58.35:073][  0]LogTemp: Display: Module 'AndroidTargetPlatform' loaded TargetPlatform 'Android_ASTCClient'
[2020.08.15-04.58.35:074][  0]LogTemp: Display: Module 'AndroidTargetPlatform' loaded TargetPlatform 'Android_ATCClient'
[2020.08.15-04.58.35:074][  0]LogTemp: Display: Module 'AndroidTargetPlatform' loaded TargetPlatform 'Android_DXTClient'
[2020.08.15-04.58.35:074][  0]LogTemp: Display: Module 'AndroidTargetPlatform' loaded TargetPlatform 'Android_ETC1Client'
[2020.08.15-04.58.35:074][  0]LogTemp: Display: Module 'AndroidTargetPlatform' loaded TargetPlatform 'Android_ETC1aClient'
[2020.08.15-04.58.35:074][  0]LogTemp: Display: Module 'AndroidTargetPlatform' loaded TargetPlatform 'Android_ETC2Client'
[2020.08.15-04.58.35:074][  0]LogTemp: Display: Module 'AndroidTargetPlatform' loaded TargetPlatform 'Android_PVRTCClient'
[2020.08.15-04.58.35:074][  0]LogTemp: Display: Module 'AndroidTargetPlatform' loaded TargetPlatform 'Android_Multi'
[2020.08.15-04.58.35:074][  0]LogTemp: Display: Module 'AndroidTargetPlatform' loaded TargetPlatform 'Android_MultiClient'
[2020.08.15-04.58.35:089][  0]LogTemp: Display: Module 'HTML5TargetPlatform' loaded TargetPlatform 'HTML5'
[2020.08.15-04.58.35:149][  0]LogTemp: Display: Module 'IOSTargetPlatform' loaded TargetPlatform 'IOSClient'
[2020.08.15-04.58.35:149][  0]LogTemp: Display: Module 'IOSTargetPlatform' loaded TargetPlatform 'IOS'
[2020.08.15-04.58.35:174][  0]LogTemp: Display: Module 'TVOSTargetPlatform' loaded TargetPlatform 'TVOSClient'
[2020.08.15-04.58.35:174][  0]LogTemp: Display: Module 'TVOSTargetPlatform' loaded TargetPlatform 'TVOS'
[2020.08.15-04.58.35:193][  0]LogTemp: Display: Module 'LinuxClientTargetPlatform' loaded TargetPlatform 'LinuxClient'
[2020.08.15-04.58.35:211][  0]LogTemp: Display: Module 'LinuxNoEditorTargetPlatform' loaded TargetPlatform 'LinuxNoEditor'
[2020.08.15-04.58.35:229][  0]LogTemp: Display: Module 'LinuxServerTargetPlatform' loaded TargetPlatform 'LinuxServer'
[2020.08.15-04.58.35:251][  0]LogTemp: Display: Module 'LinuxTargetPlatform' loaded TargetPlatform 'Linux'
[2020.08.15-04.58.35:297][  0]LogTemp: Display: Module 'LuminTargetPlatform' loaded TargetPlatform 'Lumin'
[2020.08.15-04.58.35:297][  0]LogTemp: Display: Module 'LuminTargetPlatform' loaded TargetPlatform 'LuminClient'
[2020.08.15-04.58.35:297][  0]LogTargetPlatformManager: Display: Building Assets For Windows
[2020.08.15-04.58.35:349][  0]LogAudioDebug: Display: Lib vorbis DLL was dynamically loaded.
[2020.08.15-04.58.35:785][  0]LogShaderCompilers: Guid format shader working directory is -45 characters bigger than the processId version (../../../../../../Users/ADMIN/Documents/GitHub/theshwetapatil/Stealth-Game-UE4/Stealth Game/Intermediate/Shaders/WorkingDirectory/3736/).
[2020.08.15-04.58.35:785][  0]LogShaderCompilers: Cleaned the shader compiler working directory 'C:/Users/ADMIN/AppData/Local/Temp/UnrealShaderWorkingDir/2A1819D84B1B63C38FAC10BFC7D61E2B/'.
[2020.08.15-04.58.35:790][  0]LogXGEController: Cleaning working directory: C:/Users/ADMIN/AppData/Local/Temp/UnrealXGEWorkingDir/
[2020.08.15-04.58.35:790][  0]LogXGEController: Cannot use XGE Controller as Incredibuild is not installed on this machine.
[2020.08.15-04.58.35:791][  0]LogShaderCompilers: Cannot use XGE Shader Compiler as Incredibuild is not installed on this machine.
[2020.08.15-04.58.35:791][  0]LogShaderCompilers: Display: Using Local Shader Compiler.
[2020.08.15-04.58.37:042][  0]LogDerivedDataCache: Display: Max Cache Size: 512 MB
[2020.08.15-04.58.37:238][  0]LogDerivedDataCache: Loaded boot cache 0.19s 73MB C:/Users/ADMIN/AppData/Local/UnrealEngine/4.23/DerivedDataCache/Boot.ddc.
[2020.08.15-04.58.37:238][  0]LogDerivedDataCache: Display: Loaded Boot cache: C:/Users/ADMIN/AppData/Local/UnrealEngine/4.23/DerivedDataCache/Boot.ddc
[2020.08.15-04.58.37:238][  0]LogDerivedDataCache: FDerivedDataBackendGraph:  Pak pak cache file ../../../../../../Users/ADMIN/Documents/GitHub/theshwetapatil/Stealth-Game-UE4/Stealth Game/DerivedDataCache/DDC.ddp not found, will not use a pak cache.
[2020.08.15-04.58.37:239][  0]LogDerivedDataCache: Unable to find inner node Pak for hierarchical cache Hierarchy.
[2020.08.15-04.58.37:239][  0]LogDerivedDataCache: FDerivedDataBackendGraph:  CompressedPak pak cache file ../../../../../../Users/ADMIN/Documents/GitHub/theshwetapatil/Stealth-Game-UE4/Stealth Game/DerivedDataCache/Compressed.ddp not found, will not use a pak cache.
[2020.08.15-04.58.37:239][  0]LogDerivedDataCache: Unable to find inner node CompressedPak for hierarchical cache Hierarchy.
[2020.08.15-04.58.37:257][  0]LogDerivedDataCache: Display: Pak cache opened for reading ../../../Engine/DerivedDataCache/Compressed.ddp.
[2020.08.15-04.58.37:257][  0]LogDerivedDataCache: FDerivedDataBackendGraph:  EnterprisePak pak cache file ../../../Enterprise/DerivedDataCache/Compressed.ddp not found, will not use a pak cache.
[2020.08.15-04.58.37:257][  0]LogDerivedDataCache: Unable to find inner node EnterprisePak for hierarchical cache Hierarchy.
[2020.08.15-04.58.37:259][  0]LogDerivedDataCache: Using Local data cache path C:/Users/ADMIN/AppData/Local/UnrealEngine/Common/DerivedDataCache: Writable
[2020.08.15-04.58.37:259][  0]LogDerivedDataCache: Shared data cache path not found in *engine.ini, will not use an Shared cache.
[2020.08.15-04.58.37:259][  0]LogDerivedDataCache: Unable to find inner node Shared for hierarchical cache Hierarchy.
[2020.08.15-04.58.37:301][  0]LogMaterial: Verifying Global Shaders for PCD3D_SM5
[2020.08.15-04.58.37:312][  0]LogSlate: Using FreeType 2.6.0
[2020.08.15-04.58.37:324][  0]LogSlate: SlateFontServices - WITH_FREETYPE: 1, WITH_HARFBUZZ: 1
[2020.08.15-04.58.37:823][  0]LogAssetRegistry: FAssetRegistry took 0.0085 seconds to start up
[2020.08.15-04.58.38:577][  0]LogInit: Selected Device Profile: [Windows]
[2020.08.15-04.58.39:214][  0]LogMeshReduction: Using QuadricMeshReduction for automatic static mesh reduction
[2020.08.15-04.58.39:215][  0]LogMeshReduction: Using SimplygonMeshReduction for automatic skeletal mesh reduction
[2020.08.15-04.58.39:215][  0]LogMeshReduction: Using ProxyLODMeshReduction for automatic mesh merging
[2020.08.15-04.58.39:215][  0]LogMeshReduction: No distributed automatic mesh merging module available
[2020.08.15-04.58.39:216][  0]LogMeshMerging: No distributed automatic mesh merging module available
[2020.08.15-04.58.39:281][  0]LogNetVersion: FPSGame 1.0.0, NetCL: 8386587, EngineNetVer: 11, GameNetVer: 0 (Checksum: 2384151453)
[2020.08.15-04.58.40:451][  0]LogPackageLocalizationCache: Processed 12 localized package path(s) for 1 prioritized culture(s) in 0.067709 seconds
[2020.08.15-04.58.40:462][  0]LogUObjectArray: 43444 objects as part of root set at end of initial load.
[2020.08.15-04.58.40:462][  0]LogUObjectAllocator: 7548648 out of 0 bytes used by permanent object pool.
[2020.08.15-04.58.40:462][  0]LogUObjectArray: CloseDisregardForGC: 0/0 objects in disregard for GC pool
[2020.08.15-04.58.45:987][  0]LogTcpMessaging: Initializing TcpMessaging bridge
[2020.08.15-04.58.46:038][  0]LogUdpMessaging: Initializing bridge on interface 0.0.0.0:0 to multicast group 230.0.0.1:6666.
[2020.08.15-04.58.46:366][  0]LogMaterial: Display: Missing cached shader map for material M_FPGun, compiling. 
[2020.08.15-04.58.46:467][  0]LogSkeletalMesh: Building Skeletal Mesh SK_FPGun...
[2020.08.15-04.58.46:484][  0]LogShaderCompilers: Display: Worker (1/5): shaders left to compile 60
[2020.08.15-04.58.46:484][  0]LogShaderCompilers: Display: Worker (2/5): shaders left to compile 50
[2020.08.15-04.58.46:485][  0]LogShaderCompilers: Display: Worker (3/5): shaders left to compile 40
[2020.08.15-04.58.46:485][  0]LogShaderCompilers: Display: Worker (4/5): shaders left to compile 30
[2020.08.15-04.58.46:485][  0]LogShaderCompilers: Display: Worker (5/5): shaders left to compile 20
[2020.08.15-04.58.46:485][  0]LogSkeletalMesh: Built Skeletal Mesh [0.02s] /Game/Weapon/SK_FPGun.SK_FPGun
[2020.08.15-04.58.46:490][  0]LogMaterial: Display: Missing cached shader map for material M_PlayerArms, compiling. 
[2020.08.15-04.58.46:536][  0]LogSkeletalMesh: Building Skeletal Mesh SK_Mannequin_Arms...
[2020.08.15-04.58.46:578][  0]LogSkeletalMesh: Built Skeletal Mesh [0.04s] /Game/Character/Mesh/SK_Mannequin_Arms.SK_Mannequin_Arms
[2020.08.15-04.58.46:583][  0]LogStaticMesh: Building static mesh FirstPersonProjectileMesh...
[2020.08.15-04.58.46:606][  0]LogStaticMesh: Built static mesh [0.02s] /Game/Weapon/FirstPersonProjectileMesh.FirstPersonProjectileMesh
[2020.08.15-04.58.46:629][  0]LogMaterial: Display: Missing cached shader map for material M_Projectile, compiling. 
[2020.08.15-04.58.47:483][  0]SourceControl: Source control is disabled
[2020.08.15-04.58.47:484][  0]SourceControl: Source control is disabled
[2020.08.15-04.58.47:523][  0]SourceControl: Source control is disabled
[2020.08.15-04.58.47:541][  0]SourceControl: Source control is disabled
[2020.08.15-04.58.48:531][  0]LogAndroidPermission: UAndroidPermissionCallbackProxy::GetInstance
[2020.08.15-04.58.49:299][  0]LogOcInput: OculusInput pre-init called
[2020.08.15-04.58.49:351][  0]LogWindows: Failed to load 'OVRPlugin.dll' (GetLastError=126)
[2020.08.15-04.58.49:351][  0]LogWindows: File 'OVRPlugin.dll' does not exist
[2020.08.15-04.58.49:794][  0]LogEngine: Initializing Engine...
[2020.08.15-04.58.49:799][  0]LogHMD: Failed to initialize OpenVR with code 110
[2020.08.15-04.58.49:806][  0]LogStats: UGameplayTagsManager::InitializeManager -  0.003 s
[2020.08.15-04.58.50:311][  0]LogInit: Initializing FReadOnlyCVARCache
[2020.08.15-04.58.50:412][  0]LogAIModule: Creating AISystem for world Untitled
[2020.08.15-04.58.50:484][  0]LogInit: XAudio2 using 'Speakers (Realtek(R) Audio)' : 2 channels at 48 kHz using 32 bits per sample (channel mask 0x3)
[2020.08.15-04.58.50:553][  0]LogInit: FAudioDevice initialized.
[2020.08.15-04.58.50:554][  0]LogNetVersion: Set ProjectVersion to 1.0.0.0. Version Checksum will be recalculated on next use.
[2020.08.15-04.58.50:736][  0]LogDerivedDataCache: Saved boot cache 0.18s 75MB C:/Users/ADMIN/AppData/Local/UnrealEngine/4.23/DerivedDataCache/Boot.ddc.
[2020.08.15-04.58.50:737][  0]LogInit: Texture streaming: Enabled
[2020.08.15-04.58.50:889][  0]LogEngineSessionManager: EngineSessionManager initialized
[2020.08.15-04.58.50:889][  0]LogEditorSessionSummary: Verbose: Initializing EditorSessionSummaryWriter for editor session tracking
[2020.08.15-04.58.50:892][  0]LogEditorSessionSummary: EditorSessionSummaryWriter initialized
[2020.08.15-04.58.51:089][  0]LogInit: Transaction tracking system initialized
[2020.08.15-04.58.51:338][  0]BlueprintLog: New page: Editor Load
[2020.08.15-04.58.51:926][  0]LogShaderCompilers: Display: Worker (5/5): shaders left to compile 92
[2020.08.15-04.58.51:926][  0]LogShaderCompilers: Display: Worker (1/5): shaders left to compile 82
[2020.08.15-04.58.51:926][  0]LogShaderCompilers: Display: Worker (3/5): shaders left to compile 72
[2020.08.15-04.58.51:926][  0]LocalizationService: Localization service is disabled
[2020.08.15-04.58.53:221][  0]LogShaderCompilers: Display: Worker (4/5): shaders left to compile 62
[2020.08.15-04.58.53:221][  0]LogFileCache: Scanning file cache for directory 'C:/Users/ADMIN/Documents/GitHub/theshwetapatil/Stealth-Game-UE4/Stealth Game/Content/' took 0.00s
[2020.08.15-04.58.53:221][  0]LogCook: Display: Max memory allowance for cook 16384mb min free memory 0mb
[2020.08.15-04.58.53:221][  0]LogCook: Display: Mobile HDR setting 1
[2020.08.15-04.58.54:766][  0]LogShaderCompilers: Display: Worker (2/5): shaders left to compile 52
[2020.08.15-04.58.54:766][  0]SourceControl: Source control is disabled
[2020.08.15-04.58.54:773][  0]Cmd: MAP LOAD FILE="../../../../../../Users/ADMIN/Documents/GitHub/theshwetapatil/Stealth-Game-UE4/Stealth Game/Content/Maps/FirstPersonExampleMap.umap" TEMPLATE=0 SHOWPROGRESS=1 FEATURELEVEL=3
[2020.08.15-04.58.54:776][  0]LightingResults: New page: Lighting Build
[2020.08.15-04.58.54:790][  0]LogWorld: UWorld::CleanupWorld for Untitled, bSessionEnded=true, bCleanupResources=true
[2020.08.15-04.58.54:796][  0]MapCheck: New page: Map Check
[2020.08.15-04.58.54:796][  0]LightingResults: New page: Lighting Build
[2020.08.15-04.58.54:841][  0]LogUObjectHash: Compacting FUObjectHashTables data took   4.41ms
[2020.08.15-04.58.54:974][  0]LogTexture: Display: Building textures: AOMaterialMask0_3 (BC4, 1024X512)
[2020.08.15-04.58.54:974][  0]LogTexture: Display: Building textures: AOMaterialMask1_1 (BC4, 1024X512)
[2020.08.15-04.58.54:974][  0]LogTexture: Display: Building textures: AOMaterialMask1_2 (BC4, 1024X512)
[2020.08.15-04.58.54:974][  0]LogTexture: Display: Building textures: HQ_Lightmap0_3 (AutoDXT, 1024X1024)
[2020.08.15-04.58.54:974][  0]LogTexture: Display: Building textures: HQ_Lightmap1_1 (AutoDXT, 1024X1024)
[2020.08.15-04.58.54:974][  0]LogTexture: Display: Building textures: HQ_Lightmap1_2 (AutoDXT, 1024X1024)
[2020.08.15-04.58.54:983][  0]LogTexture: Display: Building textures: LQ_Lightmap_0_3 (DXT1, 1024X1024)
[2020.08.15-04.58.54:987][  0]LogTexture: Display: Building textures: LQ_Lightmap_1_1 (DXT1, 1024X1024)
[2020.08.15-04.58.54:987][  0]LogStaticMesh: Building static mesh Shape_Cube...
[2020.08.15-04.58.54:990][  0]LogStaticMesh: Built static mesh [0.00s] /Game/Environment/Shape_Cube.Shape_Cube
[2020.08.15-04.58.55:421][  0]LogTexture: Display: Building textures: LQ_Lightmap_1_2 (DXT1, 1024X1024)
[2020.08.15-04.58.55:421][  0]LogTexture: Display: Building textures: SkyOcclusion0_3 (AutoDXT, 1024X512)
[2020.08.15-04.58.55:421][  0]LogTexture: Display: Building textures: SkyOcclusion1_1 (AutoDXT, 1024X512)
[2020.08.15-04.58.55:421][  0]LogTexture: Display: Building textures: SkyOcclusion1_2 (AutoDXT, 1024X512)
[2020.08.15-04.58.55:421][  0]LogTexture: Display: Building textures: ShadowMapTexture2D_6 (G8, 1024X1024)
[2020.08.15-04.58.55:421][  0]LogTexture: Display: Building textures: ShadowMapTexture2D_7 (G8, 128X512)
[2020.08.15-04.58.55:421][  0]LogMaterial: Display: Missing cached shader map for material M_Blockout, compiling. 
[2020.08.15-04.58.55:505][  0]LogMaterial: Display: Missing cached shader map for material M_Cube, compiling. 
[2020.08.15-04.58.55:552][  0]LogMaterial: Display: Missing cached shader map for material AntiAliasedTextMaterialTranslucent_Glow, compiling. 
[2020.08.15-04.58.55:642][  0]LogAIModule: Creating AISystem for world FirstPersonExampleMap
[2020.08.15-04.58.55:695][  0]LogEditorServer: Finished looking for orphan Actors (0.000 secs)
[2020.08.15-04.58.55:736][  0]LogUObjectHash: Compacting FUObjectHashTables data took   2.37ms
[2020.08.15-04.58.55:737][  0]Cmd: MAP CHECKDEP NOCLEARLOG
[2020.08.15-04.58.55:741][  0]MapCheck: Map check complete: 0 Error(s), 0 Warning(s), took 3.885ms to complete.
[2020.08.15-04.58.55:741][  0]LogFileHelpers: Loading map 'FirstPersonExampleMap' took 0.969
[2020.08.15-04.58.56:019][  0]LogSlate: Updating window title bar state: overlay mode, drag disabled, window buttons hidden, title bar hidden
[2020.08.15-04.58.56:038][  0]LogSlate: Updating window title bar state: overlay mode, drag disabled, window buttons hidden, title bar hidden
[2020.08.15-04.58.56:059][  0]LogSlate: Updating window title bar state: overlay mode, drag disabled, window buttons hidden, title bar hidden
[2020.08.15-04.58.56:077][  0]LogSlate: Updating window title bar state: overlay mode, drag disabled, window buttons hidden, title bar hidden
[2020.08.15-04.58.56:124][  0]LogShaderCompilers: Display: Worker (1/5): shaders left to compile 140
[2020.08.15-04.58.56:124][  0]LogCollectionManager: Loaded 0 collections in 0.005250 seconds
[2020.08.15-04.58.56:170][  0]LogFileCache: Scanning file cache for directory 'C:/Users/ADMIN/Documents/GitHub/theshwetapatil/Stealth-Game-UE4/Stealth Game/Saved/Collections/' took 0.00s
[2020.08.15-04.58.56:170][  0]LogFileCache: Scanning file cache for directory 'C:/Users/ADMIN/Documents/GitHub/theshwetapatil/Stealth-Game-UE4/Stealth Game/Content/Developers/ADMIN/Collections/' took 0.00s
[2020.08.15-04.58.56:170][  0]LogFileCache: Scanning file cache for directory 'C:/Users/ADMIN/Documents/GitHub/theshwetapatil/Stealth-Game-UE4/Stealth Game/Content/Collections/' took 0.00s
[2020.08.15-04.58.56:170][  0]LogCollectionManager: Rebuilt the GUID cache for 0 collections in 0.000004 seconds
[2020.08.15-04.58.56:196][  0]LogContentBrowser: Native class hierarchy populated in 0.0222 seconds. Added 2867 classes and 683 folders.
[2020.08.15-04.58.56:228][  0]LogContentBrowser: Native class hierarchy updated for 'WidgetCarousel' in 0.0007 seconds. Added 0 classes and 0 folders.
[2020.08.15-04.58.56:679][  0]LogContentBrowser: Native class hierarchy updated for 'AddContentDialog' in 0.0006 seconds. Added 0 classes and 0 folders.
[2020.08.15-04.58.56:730][  0]LogShaderCompilers: Display: Worker (5/5): shaders left to compile 130
[2020.08.15-04.58.56:731][  0]LogContentBrowser: Native class hierarchy updated for 'SceneOutliner' in 0.0009 seconds. Added 1 classes and 2 folders.
[2020.08.15-04.58.59:804][  0]LogShaderCompilers: Display: Worker (4/5): shaders left to compile 120
[2020.08.15-04.58.59:805][  0]LogShaderCompilers: Display: Worker (3/5): shaders left to compile 110
[2020.08.15-04.58.59:805][  0]LogShaderCompilers: Display: Worker (2/5): shaders left to compile 100
[2020.08.15-04.58.59:805][  0]LogShaderCompilers: Display: Worker (1/5): shaders left to compile 90
[2020.08.15-04.58.59:805][  0]LogSlate: Only BGRA pngs, bmps or icos are supported in by External Image Picker
[2020.08.15-04.58.59:941][  0]LogSlate: Took 0.002093 seconds to synchronously load lazily loaded font '../../../Engine/Content/Slate/Fonts/Roboto-Regular.ttf' (155K)
[2020.08.15-04.58.59:952][  0]LogSlate: Took 0.002389 seconds to synchronously load lazily loaded font '../../../Engine/Content/Slate/Fonts/Roboto-Bold.ttf' (160K)
[2020.08.15-04.58.59:966][  0]LogSlate: Took 0.002094 seconds to synchronously load lazily loaded font '../../../Engine/Content/Editor/Slate/Fonts/FontAwesome.ttf' (139K)
[2020.08.15-04.59.00:168][  0]LogRenderer: Reallocating scene render targets to support 764x272 Format 10 NumSamples 1 (Frame:1).
[2020.08.15-04.59.00:489][  0]LogContentBrowser: Native class hierarchy updated for 'HierarchicalLODOutliner' in 0.0007 seconds. Added 0 classes and 0 folders.
[2020.08.15-04.59.00:489][  0]LogLoad: (Engine Initialization) Total time: 85.81 seconds
[2020.08.15-04.59.00:489][  0]LogLoad: (Engine Initialization) Total Blueprint compile time: 0.00 seconds
[2020.08.15-04.59.00:649][  0]LogContentStreaming: Texture pool size now 1000 MB
[2020.08.15-04.59.00:680][  0]LogSlate: Took 0.002956 seconds to synchronously load lazily loaded font '../../../Engine/Content/Slate/Fonts/Roboto-Light.ttf' (167K)
[2020.08.15-04.59.00:769][  2]LogShaderCompilers: Display: Worker (4/5): shaders left to compile 80
[2020.08.15-04.59.00:824][  3]LogAssetRegistry: Asset discovery search completed in 23.0025 seconds
[2020.08.15-04.59.00:842][  3]LogCollectionManager: Rebuilt the object cache for 0 collections in 0.000024 seconds (found 0 objects)
[2020.08.15-04.59.00:843][  3]LogCollectionManager: Fixed up redirectors for 0 collections in 0.000272 seconds (updated 0 objects)
[2020.08.15-04.59.04:469][245]LogSlate: FSceneViewport::OnFocusLost() reason 0
[2020.08.15-04.59.04:744][267]LogShaderCompilers: Display: Worker (2/5): shaders left to compile 70
[2020.08.15-04.59.06:824][422]LogShaderCompilers: Display: Worker (3/5): shaders left to compile 60
[2020.08.15-04.59.09:143][584]LogShaderCompilers: Display: Worker (1/5): shaders left to compile 50
[2020.08.15-04.59.09:413][602]LogShaderCompilers: Display: Worker (2/5): shaders left to compile 40
[2020.08.15-04.59.09:926][649]LogShaderCompilers: Display: Worker (4/5): shaders left to compile 30
[2020.08.15-04.59.13:074][863]LogShaderCompilers: Display: Worker (3/5): shaders left to compile 22
[2020.08.15-04.59.13:208][871]LogShaderCompilers: Display: Worker (1/5): shaders left to compile 16
[2020.08.15-04.59.13:208][871]LogShaderCompilers: Display: Worker (2/5): shaders left to compile 11
[2020.08.15-04.59.13:208][871]LogShaderCompilers: Display: Worker (4/5): shaders left to compile 6
[2020.08.15-04.59.14:802][956]LogShaderCompilers: Display: Worker (3/5): shaders left to compile 1
